Copyright 1986-2018 Xilinx, Inc. All Rights Reserved.
-------------------------------------------------------------------------------------------------------------------------------
| Tool Version     : Vivado v.2018.2 (win64) Build 2258646 Thu Jun 14 20:03:12 MDT 2018
| Date             : Sun Nov 18 22:00:04 2018
| Host             : DESKTOP-3BETECB running 64-bit major release  (build 9200)
| Command          : report_power -file top_power_routed.rpt -pb top_power_summary_routed.pb -rpx top_power_routed.rpx
| Design           : top
| Device           : xc7a35tcpg236-1
| Design State     : routed
| Grade            : commercial
| Process          : typical
| Characterization : Production
-------------------------------------------------------------------------------------------------------------------------------

Power Report

Table of Contents
-----------------
1. Summary
1.1 On-Chip Components
1.2 Power Supply Summary
1.3 Confidence Level
2. Settings
2.1 Environment
2.2 Clock Constraints
3. Detailed Reports
3.1 By Hierarchy

1. Summary
----------

+--------------------------+----------------------------------+
| Total On-Chip Power (W)  | 75.137 (Junction temp exceeded!) |
| Design Power Budget (W)  | Unspecified*                     |
| Power Budget Margin (W)  | NA                               |
| Dynamic (W)              | 74.651                           |
| Device Static (W)        | 0.486                            |
| Effective TJA (C/W)      | 5.0                              |
| Max Ambient (C)          | 0.0                              |
| Junction Temperature (C) | 125.0                            |
| Confidence Level         | Low                              |
| Setting File             | ---                              |
| Simulation Activity File | ---                              |
| Design Nets Matched      | NA                               |
+--------------------------+----------------------------------+
* Specify Design Power Budget using, set_operating_conditions -design_power_budget <value in Watts>


1.1 On-Chip Components
----------------------

+--------------------------+-----------+----------+-----------+-----------------+
| On-Chip                  | Power (W) | Used     | Available | Utilization (%) |
+--------------------------+-----------+----------+-----------+-----------------+
| Slice Logic              |     8.355 |    18504 |       --- |             --- |
|   LUT as Logic           |     6.626 |     2695 |     20800 |           12.96 |
|   F7/F8 Muxes            |     1.110 |     6552 |     32600 |           20.10 |
|   LUT as Distributed RAM |     0.460 |     8192 |      9600 |           85.33 |
|   Register               |     0.078 |      368 |     41600 |            0.88 |
|   CARRY4                 |     0.075 |       40 |      8150 |            0.49 |
|   BUFG                   |     0.006 |        1 |        32 |            3.13 |
|   Others                 |     0.000 |        5 |       --- |             --- |
| Signals                  |    66.159 |     5273 |       --- |             --- |
| I/O                      |     0.137 |       11 |       106 |           10.38 |
| Static Power             |     0.486 |          |           |                 |
| Total                    |    75.137 |          |           |                 |
+--------------------------+-----------+----------+-----------+-----------------+


1.2 Power Supply Summary
------------------------

+-----------+-------------+-----------+-------------+------------+
| Source    | Voltage (V) | Total (A) | Dynamic (A) | Static (A) |
+-----------+-------------+-----------+-------------+------------+
| Vccint    |       1.000 |    74.859 |      74.518 |      0.341 |
| Vccaux    |       1.800 |     0.058 |       0.005 |      0.053 |
| Vcco33    |       3.300 |     0.039 |       0.038 |      0.001 |
| Vcco25    |       2.500 |     0.000 |       0.000 |      0.000 |
| Vcco18    |       1.800 |     0.000 |       0.000 |      0.000 |
| Vcco15    |       1.500 |     0.000 |       0.000 |      0.000 |
| Vcco135   |       1.350 |     0.000 |       0.000 |      0.000 |
| Vcco12    |       1.200 |     0.000 |       0.000 |      0.000 |
| Vccaux_io |       1.800 |     0.000 |       0.000 |      0.000 |
| Vccbram   |       1.000 |     0.010 |       0.000 |      0.010 |
| MGTAVcc   |       1.000 |     0.000 |       0.000 |      0.000 |
| MGTAVtt   |       1.200 |     0.000 |       0.000 |      0.000 |
| Vccadc    |       1.800 |     0.020 |       0.000 |      0.020 |
+-----------+-------------+-----------+-------------+------------+


1.3 Confidence Level
--------------------

+-----------------------------+------------+--------------------------------------------------------+--------------------------------------------------------------------------------------------------------------------+
| User Input Data             | Confidence | Details                                                | Action                                                                                                             |
+-----------------------------+------------+--------------------------------------------------------+--------------------------------------------------------------------------------------------------------------------+
| Design implementation state | High       | Design is routed                                       |                                                                                                                    |
| Clock nodes activity        | Low        | User specified less than 75% of clocks                 | Provide missing clock activity with a constraint file, simulation results or by editing the "By Clock Domain" view |
| I/O nodes activity          | Low        | More than 75% of inputs are missing user specification | Provide missing input activity with simulation results or by editing the "By Resource Type -> I/Os" view           |
| Internal nodes activity     | Medium     | User specified less than 25% of internal nodes         | Provide missing internal nodes activity with simulation results or by editing the "By Resource Type" views         |
| Device models               | High       | Device models are Production                           |                                                                                                                    |
|                             |            |                                                        |                                                                                                                    |
| Overall confidence level    | Low        |                                                        |                                                                                                                    |
+-----------------------------+------------+--------------------------------------------------------+--------------------------------------------------------------------------------------------------------------------+


2. Settings
-----------

2.1 Environment
---------------

+-----------------------+--------------------------+
| Ambient Temp (C)      | 25.0                     |
| ThetaJA (C/W)         | 5.0                      |
| Airflow (LFM)         | 250                      |
| Heat Sink             | medium (Medium Profile)  |
| ThetaSA (C/W)         | 4.6                      |
| Board Selection       | medium (10"x10")         |
| # of Board Layers     | 12to15 (12 to 15 Layers) |
| Board Temperature (C) | 25.0                     |
+-----------------------+--------------------------+


2.2 Clock Constraints
---------------------

+-------+--------+-----------------+
| Clock | Domain | Constraint (ns) |
+-------+--------+-----------------+


3. Detailed Reports
-------------------

3.1 By Hierarchy
----------------

+-----------------------------+-----------+
| Name                        | Power (W) |
+-----------------------------+-----------+
| top                         |    74.651 |
|   cpu_unit                  |    63.985 |
|   ctrl_unit                 |     1.153 |
|   ram_unit                  |     9.012 |
|     ram_reg_0_255_0_0       |     0.023 |
|     ram_reg_0_255_1_1       |     0.004 |
|     ram_reg_0_255_2_2       |     0.002 |
|     ram_reg_0_255_3_3       |     0.002 |
|     ram_reg_0_255_4_4       |     0.001 |
|     ram_reg_0_255_5_5       |     0.002 |
|     ram_reg_0_255_6_6       |     0.002 |
|     ram_reg_0_255_7_7       |     0.002 |
|     ram_reg_10240_10495_0_0 |     0.002 |
|     ram_reg_10240_10495_1_1 |     0.002 |
|     ram_reg_10240_10495_2_2 |     0.002 |
|     ram_reg_10240_10495_3_3 |     0.002 |
|     ram_reg_10240_10495_4_4 |     0.002 |
|     ram_reg_10240_10495_5_5 |     0.001 |
|     ram_reg_10240_10495_6_6 |     0.002 |
|     ram_reg_10240_10495_7_7 |     0.002 |
|     ram_reg_1024_1279_0_0   |     0.003 |
|     ram_reg_1024_1279_1_1   |     0.002 |
|     ram_reg_1024_1279_2_2   |     0.001 |
|     ram_reg_1024_1279_3_3   |     0.002 |
|     ram_reg_1024_1279_4_4   |     0.002 |
|     ram_reg_1024_1279_5_5   |     0.002 |
|     ram_reg_1024_1279_6_6   |     0.002 |
|     ram_reg_1024_1279_7_7   |    <0.001 |
|     ram_reg_10496_10751_0_0 |     0.002 |
|     ram_reg_10496_10751_1_1 |     0.002 |
|     ram_reg_10496_10751_2_2 |     0.002 |
|     ram_reg_10496_10751_3_3 |     0.001 |
|     ram_reg_10496_10751_4_4 |     0.002 |
|     ram_reg_10496_10751_5_5 |     0.002 |
|     ram_reg_10496_10751_6_6 |     0.002 |
|     ram_reg_10496_10751_7_7 |     0.002 |
|     ram_reg_10752_11007_0_0 |     0.003 |
|     ram_reg_10752_11007_1_1 |     0.003 |
|     ram_reg_10752_11007_2_2 |     0.002 |
|     ram_reg_10752_11007_3_3 |     0.004 |
|     ram_reg_10752_11007_4_4 |     0.004 |
|     ram_reg_10752_11007_5_5 |     0.003 |
|     ram_reg_10752_11007_6_6 |     0.002 |
|     ram_reg_10752_11007_7_7 |     0.002 |
|     ram_reg_11008_11263_0_0 |     0.002 |
|     ram_reg_11008_11263_1_1 |     0.002 |
|     ram_reg_11008_11263_2_2 |     0.003 |
|     ram_reg_11008_11263_3_3 |     0.001 |
|     ram_reg_11008_11263_4_4 |     0.002 |
|     ram_reg_11008_11263_5_5 |     0.003 |
|     ram_reg_11008_11263_6_6 |     0.002 |
|     ram_reg_11008_11263_7_7 |     0.002 |
|     ram_reg_11264_11519_0_0 |     0.003 |
|     ram_reg_11264_11519_1_1 |     0.003 |
|     ram_reg_11264_11519_2_2 |     0.002 |
|     ram_reg_11264_11519_3_3 |     0.002 |
|     ram_reg_11264_11519_4_4 |     0.003 |
|     ram_reg_11264_11519_5_5 |     0.003 |
|     ram_reg_11264_11519_6_6 |     0.002 |
|     ram_reg_11264_11519_7_7 |     0.002 |
|     ram_reg_11520_11775_0_0 |     0.002 |
|     ram_reg_11520_11775_1_1 |     0.002 |
|     ram_reg_11520_11775_2_2 |     0.003 |
|     ram_reg_11520_11775_3_3 |     0.003 |
|     ram_reg_11520_11775_4_4 |     0.003 |
|     ram_reg_11520_11775_5_5 |     0.004 |
|     ram_reg_11520_11775_6_6 |     0.002 |
|     ram_reg_11520_11775_7_7 |     0.003 |
|     ram_reg_11776_12031_0_0 |     0.002 |
|     ram_reg_11776_12031_1_1 |     0.002 |
|     ram_reg_11776_12031_2_2 |     0.002 |
|     ram_reg_11776_12031_3_3 |     0.002 |
|     ram_reg_11776_12031_4_4 |     0.002 |
|     ram_reg_11776_12031_5_5 |     0.002 |
|     ram_reg_11776_12031_6_6 |     0.002 |
|     ram_reg_11776_12031_7_7 |     0.001 |
|     ram_reg_12032_12287_0_0 |     0.002 |
|     ram_reg_12032_12287_1_1 |     0.002 |
|     ram_reg_12032_12287_2_2 |     0.001 |
|     ram_reg_12032_12287_3_3 |     0.002 |
|     ram_reg_12032_12287_4_4 |     0.002 |
|     ram_reg_12032_12287_5_5 |     0.002 |
|     ram_reg_12032_12287_6_6 |     0.002 |
|     ram_reg_12032_12287_7_7 |     0.002 |
|     ram_reg_12288_12543_0_0 |     0.002 |
|     ram_reg_12288_12543_1_1 |     0.002 |
|     ram_reg_12288_12543_2_2 |     0.001 |
|     ram_reg_12288_12543_3_3 |     0.002 |
|     ram_reg_12288_12543_4_4 |     0.001 |
|     ram_reg_12288_12543_5_5 |     0.002 |
|     ram_reg_12288_12543_6_6 |     0.002 |
|     ram_reg_12288_12543_7_7 |     0.002 |
|     ram_reg_12544_12799_0_0 |     0.002 |
|     ram_reg_12544_12799_1_1 |     0.003 |
|     ram_reg_12544_12799_2_2 |     0.002 |
|     ram_reg_12544_12799_3_3 |     0.002 |
|     ram_reg_12544_12799_4_4 |     0.002 |
|     ram_reg_12544_12799_5_5 |     0.002 |
|     ram_reg_12544_12799_6_6 |     0.002 |
|     ram_reg_12544_12799_7_7 |     0.001 |
|     ram_reg_12800_13055_0_0 |     0.002 |
|     ram_reg_12800_13055_1_1 |     0.002 |
|     ram_reg_12800_13055_2_2 |     0.003 |
|     ram_reg_12800_13055_3_3 |     0.002 |
|     ram_reg_12800_13055_4_4 |     0.001 |
|     ram_reg_12800_13055_5_5 |     0.002 |
|     ram_reg_12800_13055_6_6 |     0.001 |
|     ram_reg_12800_13055_7_7 |     0.001 |
|     ram_reg_1280_1535_0_0   |     0.002 |
|     ram_reg_1280_1535_1_1   |     0.003 |
|     ram_reg_1280_1535_2_2   |     0.001 |
|     ram_reg_1280_1535_3_3   |     0.002 |
|     ram_reg_1280_1535_4_4   |     0.001 |
|     ram_reg_1280_1535_5_5   |     0.002 |
|     ram_reg_1280_1535_6_6   |     0.001 |
|     ram_reg_1280_1535_7_7   |     0.002 |
|     ram_reg_13056_13311_0_0 |     0.002 |
|     ram_reg_13056_13311_1_1 |     0.002 |
|     ram_reg_13056_13311_2_2 |     0.002 |
|     ram_reg_13056_13311_3_3 |     0.002 |
|     ram_reg_13056_13311_4_4 |     0.001 |
|     ram_reg_13056_13311_5_5 |     0.003 |
|     ram_reg_13056_13311_6_6 |     0.002 |
|     ram_reg_13056_13311_7_7 |     0.002 |
|     ram_reg_13312_13567_0_0 |     0.002 |
|     ram_reg_13312_13567_1_1 |     0.003 |
|     ram_reg_13312_13567_2_2 |     0.002 |
|     ram_reg_13312_13567_3_3 |     0.002 |
|     ram_reg_13312_13567_4_4 |     0.001 |
|     ram_reg_13312_13567_5_5 |     0.003 |
|     ram_reg_13312_13567_6_6 |     0.002 |
|     ram_reg_13312_13567_7_7 |     0.002 |
|     ram_reg_13568_13823_0_0 |     0.002 |
|     ram_reg_13568_13823_1_1 |     0.002 |
|     ram_reg_13568_13823_2_2 |     0.002 |
|     ram_reg_13568_13823_3_3 |     0.002 |
|     ram_reg_13568_13823_4_4 |     0.001 |
|     ram_reg_13568_13823_5_5 |     0.002 |
|     ram_reg_13568_13823_6_6 |     0.002 |
|     ram_reg_13568_13823_7_7 |     0.002 |
|     ram_reg_13824_14079_0_0 |     0.003 |
|     ram_reg_13824_14079_1_1 |     0.002 |
|     ram_reg_13824_14079_2_2 |     0.002 |
|     ram_reg_13824_14079_3_3 |     0.002 |
|     ram_reg_13824_14079_4_4 |     0.003 |
|     ram_reg_13824_14079_5_5 |     0.003 |
|     ram_reg_13824_14079_6_6 |     0.002 |
|     ram_reg_13824_14079_7_7 |     0.002 |
|     ram_reg_14080_14335_0_0 |     0.002 |
|     ram_reg_14080_14335_1_1 |     0.001 |
|     ram_reg_14080_14335_2_2 |     0.002 |
|     ram_reg_14080_14335_3_3 |     0.002 |
|     ram_reg_14080_14335_4_4 |     0.002 |
|     ram_reg_14080_14335_5_5 |     0.002 |
|     ram_reg_14080_14335_6_6 |     0.002 |
|     ram_reg_14080_14335_7_7 |     0.002 |
|     ram_reg_14336_14591_0_0 |     0.002 |
|     ram_reg_14336_14591_1_1 |     0.002 |
|     ram_reg_14336_14591_2_2 |     0.003 |
|     ram_reg_14336_14591_3_3 |     0.003 |
|     ram_reg_14336_14591_4_4 |     0.001 |
|     ram_reg_14336_14591_5_5 |     0.003 |
|     ram_reg_14336_14591_6_6 |     0.002 |
|     ram_reg_14336_14591_7_7 |     0.001 |
|     ram_reg_14592_14847_0_0 |     0.002 |
|     ram_reg_14592_14847_1_1 |     0.002 |
|     ram_reg_14592_14847_2_2 |     0.002 |
|     ram_reg_14592_14847_3_3 |     0.002 |
|     ram_reg_14592_14847_4_4 |     0.003 |
|     ram_reg_14592_14847_5_5 |     0.002 |
|     ram_reg_14592_14847_6_6 |     0.001 |
|     ram_reg_14592_14847_7_7 |     0.002 |
|     ram_reg_14848_15103_0_0 |     0.002 |
|     ram_reg_14848_15103_1_1 |     0.002 |
|     ram_reg_14848_15103_2_2 |     0.002 |
|     ram_reg_14848_15103_3_3 |     0.002 |
|     ram_reg_14848_15103_4_4 |     0.002 |
|     ram_reg_14848_15103_5_5 |     0.002 |
|     ram_reg_14848_15103_6_6 |     0.001 |
|     ram_reg_14848_15103_7_7 |     0.001 |
|     ram_reg_15104_15359_0_0 |     0.002 |
|     ram_reg_15104_15359_1_1 |     0.002 |
|     ram_reg_15104_15359_2_2 |     0.002 |
|     ram_reg_15104_15359_3_3 |     0.002 |
|     ram_reg_15104_15359_4_4 |     0.002 |
|     ram_reg_15104_15359_5_5 |     0.002 |
|     ram_reg_15104_15359_6_6 |     0.002 |
|     ram_reg_15104_15359_7_7 |     0.002 |
|     ram_reg_15360_15615_0_0 |     0.003 |
|     ram_reg_15360_15615_1_1 |     0.003 |
|     ram_reg_15360_15615_2_2 |     0.002 |
|     ram_reg_15360_15615_3_3 |     0.004 |
|     ram_reg_15360_15615_4_4 |     0.002 |
|     ram_reg_15360_15615_5_5 |     0.002 |
|     ram_reg_15360_15615_6_6 |     0.002 |
|     ram_reg_15360_15615_7_7 |     0.002 |
|     ram_reg_1536_1791_0_0   |     0.001 |
|     ram_reg_1536_1791_1_1   |     0.002 |
|     ram_reg_1536_1791_2_2   |     0.002 |
|     ram_reg_1536_1791_3_3   |     0.002 |
|     ram_reg_1536_1791_4_4   |     0.002 |
|     ram_reg_1536_1791_5_5   |     0.002 |
|     ram_reg_1536_1791_6_6   |     0.002 |
|     ram_reg_1536_1791_7_7   |     0.001 |
|     ram_reg_15616_15871_0_0 |     0.002 |
|     ram_reg_15616_15871_1_1 |     0.002 |
|     ram_reg_15616_15871_2_2 |     0.002 |
|     ram_reg_15616_15871_3_3 |     0.002 |
|     ram_reg_15616_15871_4_4 |     0.002 |
|     ram_reg_15616_15871_5_5 |     0.002 |
|     ram_reg_15616_15871_6_6 |     0.002 |
|     ram_reg_15616_15871_7_7 |     0.002 |
|     ram_reg_15872_16127_0_0 |     0.002 |
|     ram_reg_15872_16127_1_1 |     0.002 |
|     ram_reg_15872_16127_2_2 |     0.002 |
|     ram_reg_15872_16127_3_3 |     0.002 |
|     ram_reg_15872_16127_4_4 |     0.002 |
|     ram_reg_15872_16127_5_5 |     0.002 |
|     ram_reg_15872_16127_6_6 |     0.002 |
|     ram_reg_15872_16127_7_7 |     0.002 |
|     ram_reg_16128_16383_0_0 |     0.001 |
|     ram_reg_16128_16383_1_1 |     0.003 |
|     ram_reg_16128_16383_2_2 |     0.002 |
|     ram_reg_16128_16383_3_3 |     0.002 |
|     ram_reg_16128_16383_4_4 |     0.002 |
|     ram_reg_16128_16383_5_5 |     0.002 |
|     ram_reg_16128_16383_6_6 |     0.001 |
|     ram_reg_16128_16383_7_7 |     0.002 |
|     ram_reg_16384_16639_0_0 |     0.002 |
|     ram_reg_16384_16639_1_1 |     0.002 |
|     ram_reg_16384_16639_2_2 |     0.003 |
|     ram_reg_16384_16639_3_3 |     0.002 |
|     ram_reg_16384_16639_4_4 |     0.003 |
|     ram_reg_16384_16639_5_5 |     0.002 |
|     ram_reg_16384_16639_6_6 |     0.002 |
|     ram_reg_16384_16639_7_7 |     0.002 |
|     ram_reg_16640_16895_0_0 |     0.002 |
|     ram_reg_16640_16895_1_1 |     0.001 |
|     ram_reg_16640_16895_2_2 |     0.003 |
|     ram_reg_16640_16895_3_3 |     0.003 |
|     ram_reg_16640_16895_4_4 |     0.003 |
|     ram_reg_16640_16895_5_5 |     0.002 |
|     ram_reg_16640_16895_6_6 |     0.002 |
|     ram_reg_16640_16895_7_7 |     0.002 |
|     ram_reg_16896_17151_0_0 |     0.002 |
|     ram_reg_16896_17151_1_1 |     0.003 |
|     ram_reg_16896_17151_2_2 |     0.003 |
|     ram_reg_16896_17151_3_3 |     0.002 |
|     ram_reg_16896_17151_4_4 |     0.003 |
|     ram_reg_16896_17151_5_5 |     0.003 |
|     ram_reg_16896_17151_6_6 |     0.002 |
|     ram_reg_16896_17151_7_7 |     0.002 |
|     ram_reg_17152_17407_0_0 |     0.002 |
|     ram_reg_17152_17407_1_1 |     0.002 |
|     ram_reg_17152_17407_2_2 |     0.002 |
|     ram_reg_17152_17407_3_3 |     0.002 |
|     ram_reg_17152_17407_4_4 |     0.002 |
|     ram_reg_17152_17407_5_5 |     0.002 |
|     ram_reg_17152_17407_6_6 |     0.002 |
|     ram_reg_17152_17407_7_7 |    <0.001 |
|     ram_reg_17408_17663_0_0 |     0.003 |
|     ram_reg_17408_17663_1_1 |     0.001 |
|     ram_reg_17408_17663_2_2 |     0.002 |
|     ram_reg_17408_17663_3_3 |     0.002 |
|     ram_reg_17408_17663_4_4 |     0.003 |
|     ram_reg_17408_17663_5_5 |     0.002 |
|     ram_reg_17408_17663_6_6 |     0.002 |
|     ram_reg_17408_17663_7_7 |     0.001 |
|     ram_reg_17664_17919_0_0 |     0.002 |
|     ram_reg_17664_17919_1_1 |     0.002 |
|     ram_reg_17664_17919_2_2 |     0.002 |
|     ram_reg_17664_17919_3_3 |     0.002 |
|     ram_reg_17664_17919_4_4 |     0.002 |
|     ram_reg_17664_17919_5_5 |     0.001 |
|     ram_reg_17664_17919_6_6 |     0.002 |
|     ram_reg_17664_17919_7_7 |     0.002 |
|     ram_reg_17920_18175_0_0 |     0.001 |
|     ram_reg_17920_18175_1_1 |     0.001 |
|     ram_reg_17920_18175_2_2 |     0.002 |
|     ram_reg_17920_18175_3_3 |     0.002 |
|     ram_reg_17920_18175_4_4 |     0.002 |
|     ram_reg_17920_18175_5_5 |     0.002 |
|     ram_reg_17920_18175_6_6 |     0.002 |
|     ram_reg_17920_18175_7_7 |     0.002 |
|     ram_reg_1792_2047_0_0   |     0.002 |
|     ram_reg_1792_2047_1_1   |     0.002 |
|     ram_reg_1792_2047_2_2   |     0.002 |
|     ram_reg_1792_2047_3_3   |     0.003 |
|     ram_reg_1792_2047_4_4   |     0.002 |
|     ram_reg_1792_2047_5_5   |     0.001 |
|     ram_reg_1792_2047_6_6   |     0.003 |
|     ram_reg_1792_2047_7_7   |     0.002 |
|     ram_reg_18176_18431_0_0 |     0.002 |
|     ram_reg_18176_18431_1_1 |     0.003 |
|     ram_reg_18176_18431_2_2 |     0.002 |
|     ram_reg_18176_18431_3_3 |     0.003 |
|     ram_reg_18176_18431_4_4 |     0.002 |
|     ram_reg_18176_18431_5_5 |     0.001 |
|     ram_reg_18176_18431_6_6 |     0.004 |
|     ram_reg_18176_18431_7_7 |     0.002 |
|     ram_reg_18432_18687_0_0 |     0.003 |
|     ram_reg_18432_18687_1_1 |     0.002 |
|     ram_reg_18432_18687_2_2 |     0.003 |
|     ram_reg_18432_18687_3_3 |     0.002 |
|     ram_reg_18432_18687_4_4 |     0.003 |
|     ram_reg_18432_18687_5_5 |     0.002 |
|     ram_reg_18432_18687_6_6 |     0.002 |
|     ram_reg_18432_18687_7_7 |     0.002 |
|     ram_reg_18688_18943_0_0 |     0.002 |
|     ram_reg_18688_18943_1_1 |     0.002 |
|     ram_reg_18688_18943_2_2 |     0.002 |
|     ram_reg_18688_18943_3_3 |     0.002 |
|     ram_reg_18688_18943_4_4 |     0.002 |
|     ram_reg_18688_18943_5_5 |     0.001 |
|     ram_reg_18688_18943_6_6 |     0.002 |
|     ram_reg_18688_18943_7_7 |     0.002 |
|     ram_reg_18944_19199_0_0 |     0.002 |
|     ram_reg_18944_19199_1_1 |     0.002 |
|     ram_reg_18944_19199_2_2 |     0.002 |
|     ram_reg_18944_19199_3_3 |     0.002 |
|     ram_reg_18944_19199_4_4 |     0.002 |
|     ram_reg_18944_19199_5_5 |     0.002 |
|     ram_reg_18944_19199_6_6 |     0.003 |
|     ram_reg_18944_19199_7_7 |     0.003 |
|     ram_reg_19200_19455_0_0 |     0.004 |
|     ram_reg_19200_19455_1_1 |     0.002 |
|     ram_reg_19200_19455_2_2 |     0.003 |
|     ram_reg_19200_19455_3_3 |     0.003 |
|     ram_reg_19200_19455_4_4 |     0.003 |
|     ram_reg_19200_19455_5_5 |     0.002 |
|     ram_reg_19200_19455_6_6 |     0.003 |
|     ram_reg_19200_19455_7_7 |     0.003 |
|     ram_reg_19456_19711_0_0 |     0.003 |
|     ram_reg_19456_19711_1_1 |     0.002 |
|     ram_reg_19456_19711_2_2 |     0.004 |
|     ram_reg_19456_19711_3_3 |     0.004 |
|     ram_reg_19456_19711_4_4 |     0.002 |
|     ram_reg_19456_19711_5_5 |     0.002 |
|     ram_reg_19456_19711_6_6 |     0.004 |
|     ram_reg_19456_19711_7_7 |     0.002 |
|     ram_reg_19712_19967_0_0 |     0.003 |
|     ram_reg_19712_19967_1_1 |     0.002 |
|     ram_reg_19712_19967_2_2 |     0.003 |
|     ram_reg_19712_19967_3_3 |     0.003 |
|     ram_reg_19712_19967_4_4 |     0.003 |
|     ram_reg_19712_19967_5_5 |     0.003 |
|     ram_reg_19712_19967_6_6 |     0.003 |
|     ram_reg_19712_19967_7_7 |     0.003 |
|     ram_reg_19968_20223_0_0 |     0.004 |
|     ram_reg_19968_20223_1_1 |     0.003 |
|     ram_reg_19968_20223_2_2 |     0.003 |
|     ram_reg_19968_20223_3_3 |     0.002 |
|     ram_reg_19968_20223_4_4 |     0.004 |
|     ram_reg_19968_20223_5_5 |     0.003 |
|     ram_reg_19968_20223_6_6 |     0.003 |
|     ram_reg_19968_20223_7_7 |     0.002 |
|     ram_reg_20224_20479_0_0 |     0.002 |
|     ram_reg_20224_20479_1_1 |     0.003 |
|     ram_reg_20224_20479_2_2 |     0.001 |
|     ram_reg_20224_20479_3_3 |     0.002 |
|     ram_reg_20224_20479_4_4 |     0.003 |
|     ram_reg_20224_20479_5_5 |     0.002 |
|     ram_reg_20224_20479_6_6 |     0.002 |
|     ram_reg_20224_20479_7_7 |     0.002 |
|     ram_reg_20480_20735_0_0 |     0.004 |
|     ram_reg_20480_20735_1_1 |     0.002 |
|     ram_reg_20480_20735_2_2 |     0.002 |
|     ram_reg_20480_20735_3_3 |     0.002 |
|     ram_reg_20480_20735_4_4 |     0.003 |
|     ram_reg_20480_20735_5_5 |     0.002 |
|     ram_reg_20480_20735_6_6 |     0.003 |
|     ram_reg_20480_20735_7_7 |     0.002 |
|     ram_reg_2048_2303_0_0   |     0.003 |
|     ram_reg_2048_2303_1_1   |     0.002 |
|     ram_reg_2048_2303_2_2   |     0.001 |
|     ram_reg_2048_2303_3_3   |     0.002 |
|     ram_reg_2048_2303_4_4   |     0.002 |
|     ram_reg_2048_2303_5_5   |     0.001 |
|     ram_reg_2048_2303_6_6   |     0.002 |
|     ram_reg_2048_2303_7_7   |     0.001 |
|     ram_reg_20736_20991_0_0 |     0.003 |
|     ram_reg_20736_20991_1_1 |     0.001 |
|     ram_reg_20736_20991_2_2 |     0.003 |
|     ram_reg_20736_20991_3_3 |     0.002 |
|     ram_reg_20736_20991_4_4 |     0.003 |
|     ram_reg_20736_20991_5_5 |     0.003 |
|     ram_reg_20736_20991_6_6 |     0.002 |
|     ram_reg_20736_20991_7_7 |     0.003 |
|     ram_reg_20992_21247_0_0 |     0.002 |
|     ram_reg_20992_21247_1_1 |     0.002 |
|     ram_reg_20992_21247_2_2 |     0.003 |
|     ram_reg_20992_21247_3_3 |     0.002 |
|     ram_reg_20992_21247_4_4 |     0.002 |
|     ram_reg_20992_21247_5_5 |     0.002 |
|     ram_reg_20992_21247_6_6 |     0.003 |
|     ram_reg_20992_21247_7_7 |     0.002 |
|     ram_reg_21248_21503_0_0 |     0.002 |
|     ram_reg_21248_21503_1_1 |     0.002 |
|     ram_reg_21248_21503_2_2 |     0.002 |
|     ram_reg_21248_21503_3_3 |     0.002 |
|     ram_reg_21248_21503_4_4 |     0.003 |
|     ram_reg_21248_21503_5_5 |     0.001 |
|     ram_reg_21248_21503_6_6 |     0.002 |
|     ram_reg_21248_21503_7_7 |    <0.001 |
|     ram_reg_21504_21759_0_0 |     0.003 |
|     ram_reg_21504_21759_1_1 |     0.003 |
|     ram_reg_21504_21759_2_2 |     0.004 |
|     ram_reg_21504_21759_3_3 |     0.002 |
|     ram_reg_21504_21759_4_4 |     0.003 |
|     ram_reg_21504_21759_5_5 |     0.003 |
|     ram_reg_21504_21759_6_6 |     0.003 |
|     ram_reg_21504_21759_7_7 |     0.003 |
|     ram_reg_21760_22015_0_0 |     0.003 |
|     ram_reg_21760_22015_1_1 |     0.003 |
|     ram_reg_21760_22015_2_2 |     0.003 |
|     ram_reg_21760_22015_3_3 |     0.002 |
|     ram_reg_21760_22015_4_4 |     0.002 |
|     ram_reg_21760_22015_5_5 |     0.002 |
|     ram_reg_21760_22015_6_6 |     0.002 |
|     ram_reg_21760_22015_7_7 |     0.002 |
|     ram_reg_22016_22271_0_0 |     0.002 |
|     ram_reg_22016_22271_1_1 |     0.003 |
|     ram_reg_22016_22271_2_2 |     0.003 |
|     ram_reg_22016_22271_3_3 |     0.002 |
|     ram_reg_22016_22271_4_4 |     0.001 |
|     ram_reg_22016_22271_5_5 |     0.001 |
|     ram_reg_22016_22271_6_6 |     0.001 |
|     ram_reg_22016_22271_7_7 |     0.002 |
|     ram_reg_22272_22527_0_0 |     0.003 |
|     ram_reg_22272_22527_1_1 |     0.002 |
|     ram_reg_22272_22527_2_2 |     0.003 |
|     ram_reg_22272_22527_3_3 |     0.002 |
|     ram_reg_22272_22527_4_4 |     0.004 |
|     ram_reg_22272_22527_5_5 |     0.003 |
|     ram_reg_22272_22527_6_6 |     0.003 |
|     ram_reg_22272_22527_7_7 |     0.002 |
|     ram_reg_22528_22783_0_0 |     0.002 |
|     ram_reg_22528_22783_1_1 |     0.002 |
|     ram_reg_22528_22783_2_2 |     0.002 |
|     ram_reg_22528_22783_3_3 |     0.002 |
|     ram_reg_22528_22783_4_4 |     0.002 |
|     ram_reg_22528_22783_5_5 |     0.002 |
|     ram_reg_22528_22783_6_6 |     0.001 |
|     ram_reg_22528_22783_7_7 |     0.002 |
|     ram_reg_22784_23039_0_0 |     0.003 |
|     ram_reg_22784_23039_1_1 |     0.002 |
|     ram_reg_22784_23039_2_2 |     0.003 |
|     ram_reg_22784_23039_3_3 |     0.003 |
|     ram_reg_22784_23039_4_4 |     0.002 |
|     ram_reg_22784_23039_5_5 |     0.002 |
|     ram_reg_22784_23039_6_6 |     0.003 |
|     ram_reg_22784_23039_7_7 |     0.002 |
|     ram_reg_23040_23295_0_0 |     0.003 |
|     ram_reg_23040_23295_1_1 |     0.002 |
|     ram_reg_23040_23295_2_2 |     0.002 |
|     ram_reg_23040_23295_3_3 |     0.002 |
|     ram_reg_23040_23295_4_4 |     0.002 |
|     ram_reg_23040_23295_5_5 |     0.002 |
|     ram_reg_23040_23295_6_6 |     0.002 |
|     ram_reg_23040_23295_7_7 |     0.002 |
|     ram_reg_2304_2559_0_0   |     0.003 |
|     ram_reg_2304_2559_1_1   |     0.001 |
|     ram_reg_2304_2559_2_2   |     0.003 |
|     ram_reg_2304_2559_3_3   |     0.001 |
|     ram_reg_2304_2559_4_4   |     0.002 |
|     ram_reg_2304_2559_5_5   |     0.002 |
|     ram_reg_2304_2559_6_6   |     0.002 |
|     ram_reg_2304_2559_7_7   |     0.002 |
|     ram_reg_23296_23551_0_0 |     0.003 |
|     ram_reg_23296_23551_1_1 |     0.002 |
|     ram_reg_23296_23551_2_2 |     0.001 |
|     ram_reg_23296_23551_3_3 |     0.002 |
|     ram_reg_23296_23551_4_4 |     0.002 |
|     ram_reg_23296_23551_5_5 |     0.002 |
|     ram_reg_23296_23551_6_6 |     0.003 |
|     ram_reg_23296_23551_7_7 |     0.002 |
|     ram_reg_23552_23807_0_0 |     0.002 |
|     ram_reg_23552_23807_1_1 |     0.002 |
|     ram_reg_23552_23807_2_2 |     0.003 |
|     ram_reg_23552_23807_3_3 |     0.002 |
|     ram_reg_23552_23807_4_4 |     0.003 |
|     ram_reg_23552_23807_5_5 |     0.002 |
|     ram_reg_23552_23807_6_6 |     0.002 |
|     ram_reg_23552_23807_7_7 |     0.002 |
|     ram_reg_23808_24063_0_0 |     0.003 |
|     ram_reg_23808_24063_1_1 |     0.002 |
|     ram_reg_23808_24063_2_2 |     0.002 |
|     ram_reg_23808_24063_3_3 |     0.003 |
|     ram_reg_23808_24063_4_4 |     0.002 |
|     ram_reg_23808_24063_5_5 |     0.002 |
|     ram_reg_23808_24063_6_6 |     0.004 |
|     ram_reg_23808_24063_7_7 |     0.002 |
|     ram_reg_24064_24319_0_0 |     0.003 |
|     ram_reg_24064_24319_1_1 |     0.003 |
|     ram_reg_24064_24319_2_2 |     0.002 |
|     ram_reg_24064_24319_3_3 |     0.002 |
|     ram_reg_24064_24319_4_4 |     0.002 |
|     ram_reg_24064_24319_5_5 |     0.002 |
|     ram_reg_24064_24319_6_6 |     0.003 |
|     ram_reg_24064_24319_7_7 |     0.002 |
|     ram_reg_24320_24575_0_0 |     0.003 |
|     ram_reg_24320_24575_1_1 |     0.002 |
|     ram_reg_24320_24575_2_2 |     0.001 |
|     ram_reg_24320_24575_3_3 |     0.002 |
|     ram_reg_24320_24575_4_4 |     0.002 |
|     ram_reg_24320_24575_5_5 |     0.003 |
|     ram_reg_24320_24575_6_6 |     0.003 |
|     ram_reg_24320_24575_7_7 |     0.002 |
|     ram_reg_24576_24831_0_0 |     0.002 |
|     ram_reg_24576_24831_1_1 |     0.002 |
|     ram_reg_24576_24831_2_2 |     0.001 |
|     ram_reg_24576_24831_3_3 |     0.002 |
|     ram_reg_24576_24831_4_4 |     0.002 |
|     ram_reg_24576_24831_5_5 |     0.002 |
|     ram_reg_24576_24831_6_6 |     0.001 |
|     ram_reg_24576_24831_7_7 |     0.001 |
|     ram_reg_24832_25087_0_0 |     0.002 |
|     ram_reg_24832_25087_1_1 |     0.002 |
|     ram_reg_24832_25087_2_2 |     0.002 |
|     ram_reg_24832_25087_3_3 |     0.002 |
|     ram_reg_24832_25087_4_4 |     0.001 |
|     ram_reg_24832_25087_5_5 |     0.002 |
|     ram_reg_24832_25087_6_6 |     0.002 |
|     ram_reg_24832_25087_7_7 |     0.002 |
|     ram_reg_25088_25343_0_0 |     0.002 |
|     ram_reg_25088_25343_1_1 |     0.002 |
|     ram_reg_25088_25343_2_2 |     0.001 |
|     ram_reg_25088_25343_3_3 |     0.002 |
|     ram_reg_25088_25343_4_4 |     0.002 |
|     ram_reg_25088_25343_5_5 |     0.001 |
|     ram_reg_25088_25343_6_6 |     0.002 |
|     ram_reg_25088_25343_7_7 |     0.002 |
|     ram_reg_25344_25599_0_0 |     0.002 |
|     ram_reg_25344_25599_1_1 |     0.001 |
|     ram_reg_25344_25599_2_2 |     0.002 |
|     ram_reg_25344_25599_3_3 |     0.002 |
|     ram_reg_25344_25599_4_4 |     0.002 |
|     ram_reg_25344_25599_5_5 |     0.002 |
|     ram_reg_25344_25599_6_6 |     0.002 |
|     ram_reg_25344_25599_7_7 |     0.002 |
|     ram_reg_25600_25855_0_0 |     0.002 |
|     ram_reg_25600_25855_1_1 |     0.001 |
|     ram_reg_25600_25855_2_2 |     0.002 |
|     ram_reg_25600_25855_3_3 |     0.002 |
|     ram_reg_25600_25855_4_4 |     0.002 |
|     ram_reg_25600_25855_5_5 |     0.002 |
|     ram_reg_25600_25855_6_6 |     0.002 |
|     ram_reg_25600_25855_7_7 |     0.002 |
|     ram_reg_2560_2815_0_0   |     0.002 |
|     ram_reg_2560_2815_1_1   |     0.003 |
|     ram_reg_2560_2815_2_2   |     0.002 |
|     ram_reg_2560_2815_3_3   |     0.002 |
|     ram_reg_2560_2815_4_4   |     0.002 |
|     ram_reg_2560_2815_5_5   |     0.002 |
|     ram_reg_2560_2815_6_6   |     0.002 |
|     ram_reg_2560_2815_7_7   |     0.002 |
|     ram_reg_256_511_0_0     |     0.002 |
|     ram_reg_256_511_1_1     |     0.002 |
|     ram_reg_256_511_2_2     |     0.002 |
|     ram_reg_256_511_3_3     |     0.002 |
|     ram_reg_256_511_4_4     |     0.002 |
|     ram_reg_256_511_5_5     |     0.002 |
|     ram_reg_256_511_6_6     |     0.001 |
|     ram_reg_256_511_7_7     |     0.002 |
|     ram_reg_25856_26111_0_0 |     0.001 |
|     ram_reg_25856_26111_1_1 |     0.002 |
|     ram_reg_25856_26111_2_2 |     0.002 |
|     ram_reg_25856_26111_3_3 |     0.002 |
|     ram_reg_25856_26111_4_4 |     0.002 |
|     ram_reg_25856_26111_5_5 |     0.001 |
|     ram_reg_25856_26111_6_6 |     0.002 |
|     ram_reg_25856_26111_7_7 |     0.001 |
|     ram_reg_26112_26367_0_0 |     0.003 |
|     ram_reg_26112_26367_1_1 |     0.002 |
|     ram_reg_26112_26367_2_2 |     0.003 |
|     ram_reg_26112_26367_3_3 |     0.003 |
|     ram_reg_26112_26367_4_4 |     0.002 |
|     ram_reg_26112_26367_5_5 |     0.002 |
|     ram_reg_26112_26367_6_6 |     0.001 |
|     ram_reg_26112_26367_7_7 |     0.002 |
|     ram_reg_26368_26623_0_0 |     0.002 |
|     ram_reg_26368_26623_1_1 |     0.002 |
|     ram_reg_26368_26623_2_2 |     0.002 |
|     ram_reg_26368_26623_3_3 |     0.001 |
|     ram_reg_26368_26623_4_4 |     0.002 |
|     ram_reg_26368_26623_5_5 |     0.002 |
|     ram_reg_26368_26623_6_6 |     0.002 |
|     ram_reg_26368_26623_7_7 |     0.002 |
|     ram_reg_26624_26879_0_0 |     0.002 |
|     ram_reg_26624_26879_1_1 |     0.002 |
|     ram_reg_26624_26879_2_2 |     0.003 |
|     ram_reg_26624_26879_3_3 |     0.003 |
|     ram_reg_26624_26879_4_4 |     0.001 |
|     ram_reg_26624_26879_5_5 |     0.003 |
|     ram_reg_26624_26879_6_6 |     0.002 |
|     ram_reg_26624_26879_7_7 |     0.002 |
|     ram_reg_26880_27135_0_0 |     0.002 |
|     ram_reg_26880_27135_1_1 |     0.002 |
|     ram_reg_26880_27135_2_2 |     0.003 |
|     ram_reg_26880_27135_3_3 |     0.003 |
|     ram_reg_26880_27135_4_4 |     0.002 |
|     ram_reg_26880_27135_5_5 |     0.001 |
|     ram_reg_26880_27135_6_6 |     0.002 |
|     ram_reg_26880_27135_7_7 |     0.002 |
|     ram_reg_27136_27391_0_0 |     0.002 |
|     ram_reg_27136_27391_1_1 |     0.003 |
|     ram_reg_27136_27391_2_2 |     0.001 |
|     ram_reg_27136_27391_3_3 |     0.002 |
|     ram_reg_27136_27391_4_4 |     0.002 |
|     ram_reg_27136_27391_5_5 |     0.002 |
|     ram_reg_27136_27391_6_6 |     0.002 |
|     ram_reg_27136_27391_7_7 |     0.002 |
|     ram_reg_27392_27647_0_0 |     0.002 |
|     ram_reg_27392_27647_1_1 |     0.002 |
|     ram_reg_27392_27647_2_2 |     0.003 |
|     ram_reg_27392_27647_3_3 |     0.001 |
|     ram_reg_27392_27647_4_4 |     0.001 |
|     ram_reg_27392_27647_5_5 |     0.002 |
|     ram_reg_27392_27647_6_6 |     0.002 |
|     ram_reg_27392_27647_7_7 |     0.002 |
|     ram_reg_27648_27903_0_0 |     0.002 |
|     ram_reg_27648_27903_1_1 |     0.002 |
|     ram_reg_27648_27903_2_2 |     0.002 |
|     ram_reg_27648_27903_3_3 |     0.002 |
|     ram_reg_27648_27903_4_4 |     0.003 |
|     ram_reg_27648_27903_5_5 |     0.003 |
|     ram_reg_27648_27903_6_6 |     0.003 |
|     ram_reg_27648_27903_7_7 |     0.003 |
|     ram_reg_27904_28159_0_0 |     0.002 |
|     ram_reg_27904_28159_1_1 |     0.002 |
|     ram_reg_27904_28159_2_2 |     0.002 |
|     ram_reg_27904_28159_3_3 |     0.002 |
|     ram_reg_27904_28159_4_4 |     0.002 |
|     ram_reg_27904_28159_5_5 |     0.002 |
|     ram_reg_27904_28159_6_6 |     0.002 |
|     ram_reg_27904_28159_7_7 |     0.002 |
|     ram_reg_28160_28415_0_0 |     0.003 |
|     ram_reg_28160_28415_1_1 |     0.002 |
|     ram_reg_28160_28415_2_2 |     0.003 |
|     ram_reg_28160_28415_3_3 |     0.002 |
|     ram_reg_28160_28415_4_4 |     0.001 |
|     ram_reg_28160_28415_5_5 |     0.003 |
|     ram_reg_28160_28415_6_6 |     0.001 |
|     ram_reg_28160_28415_7_7 |     0.001 |
|     ram_reg_2816_3071_0_0   |     0.002 |
|     ram_reg_2816_3071_1_1   |     0.001 |
|     ram_reg_2816_3071_2_2   |     0.003 |
|     ram_reg_2816_3071_3_3   |     0.002 |
|     ram_reg_2816_3071_4_4   |     0.002 |
|     ram_reg_2816_3071_5_5   |     0.002 |
|     ram_reg_2816_3071_6_6   |     0.002 |
|     ram_reg_2816_3071_7_7   |     0.001 |
|     ram_reg_28416_28671_0_0 |     0.002 |
|     ram_reg_28416_28671_1_1 |     0.002 |
|     ram_reg_28416_28671_2_2 |     0.002 |
|     ram_reg_28416_28671_3_3 |     0.002 |
|     ram_reg_28416_28671_4_4 |     0.002 |
|     ram_reg_28416_28671_5_5 |     0.002 |
|     ram_reg_28416_28671_6_6 |     0.002 |
|     ram_reg_28416_28671_7_7 |     0.001 |
|     ram_reg_28672_28927_0_0 |     0.002 |
|     ram_reg_28672_28927_1_1 |     0.002 |
|     ram_reg_28672_28927_2_2 |     0.003 |
|     ram_reg_28672_28927_3_3 |     0.002 |
|     ram_reg_28672_28927_4_4 |     0.002 |
|     ram_reg_28672_28927_5_5 |     0.002 |
|     ram_reg_28672_28927_6_6 |     0.001 |
|     ram_reg_28672_28927_7_7 |     0.002 |
|     ram_reg_28928_29183_0_0 |     0.002 |
|     ram_reg_28928_29183_1_1 |     0.002 |
|     ram_reg_28928_29183_2_2 |     0.001 |
|     ram_reg_28928_29183_3_3 |     0.002 |
|     ram_reg_28928_29183_4_4 |     0.002 |
|     ram_reg_28928_29183_5_5 |     0.003 |
|     ram_reg_28928_29183_6_6 |     0.002 |
|     ram_reg_28928_29183_7_7 |     0.002 |
|     ram_reg_29184_29439_0_0 |     0.002 |
|     ram_reg_29184_29439_1_1 |     0.002 |
|     ram_reg_29184_29439_2_2 |     0.003 |
|     ram_reg_29184_29439_3_3 |     0.003 |
|     ram_reg_29184_29439_4_4 |     0.003 |
|     ram_reg_29184_29439_5_5 |     0.003 |
|     ram_reg_29184_29439_6_6 |     0.002 |
|     ram_reg_29184_29439_7_7 |     0.002 |
|     ram_reg_29440_29695_0_0 |     0.002 |
|     ram_reg_29440_29695_1_1 |     0.002 |
|     ram_reg_29440_29695_2_2 |     0.002 |
|     ram_reg_29440_29695_3_3 |     0.002 |
|     ram_reg_29440_29695_4_4 |     0.002 |
|     ram_reg_29440_29695_5_5 |     0.001 |
|     ram_reg_29440_29695_6_6 |     0.001 |
|     ram_reg_29440_29695_7_7 |     0.001 |
|     ram_reg_29696_29951_0_0 |     0.002 |
|     ram_reg_29696_29951_1_1 |     0.001 |
|     ram_reg_29696_29951_2_2 |     0.002 |
|     ram_reg_29696_29951_3_3 |     0.002 |
|     ram_reg_29696_29951_4_4 |     0.002 |
|     ram_reg_29696_29951_5_5 |     0.003 |
|     ram_reg_29696_29951_6_6 |     0.002 |
|     ram_reg_29696_29951_7_7 |     0.002 |
|     ram_reg_29952_30207_0_0 |     0.003 |
|     ram_reg_29952_30207_1_1 |     0.002 |
|     ram_reg_29952_30207_2_2 |     0.002 |
|     ram_reg_29952_30207_3_3 |     0.002 |
|     ram_reg_29952_30207_4_4 |     0.002 |
|     ram_reg_29952_30207_5_5 |     0.001 |
|     ram_reg_29952_30207_6_6 |     0.002 |
|     ram_reg_29952_30207_7_7 |     0.002 |
|     ram_reg_30208_30463_0_0 |     0.002 |
|     ram_reg_30208_30463_1_1 |     0.002 |
|     ram_reg_30208_30463_2_2 |     0.001 |
|     ram_reg_30208_30463_3_3 |     0.002 |
|     ram_reg_30208_30463_4_4 |     0.002 |
|     ram_reg_30208_30463_5_5 |     0.002 |
|     ram_reg_30208_30463_6_6 |     0.001 |
|     ram_reg_30208_30463_7_7 |     0.001 |
|     ram_reg_30464_30719_0_0 |     0.003 |
|     ram_reg_30464_30719_1_1 |     0.003 |
|     ram_reg_30464_30719_2_2 |     0.002 |
|     ram_reg_30464_30719_3_3 |     0.002 |
|     ram_reg_30464_30719_4_4 |     0.002 |
|     ram_reg_30464_30719_5_5 |     0.002 |
|     ram_reg_30464_30719_6_6 |     0.001 |
|     ram_reg_30464_30719_7_7 |     0.003 |
|     ram_reg_30720_30975_0_0 |     0.002 |
|     ram_reg_30720_30975_1_1 |     0.002 |
|     ram_reg_30720_30975_2_2 |     0.002 |
|     ram_reg_30720_30975_3_3 |     0.001 |
|     ram_reg_30720_30975_4_4 |     0.003 |
|     ram_reg_30720_30975_5_5 |     0.002 |
|     ram_reg_30720_30975_6_6 |     0.002 |
|     ram_reg_30720_30975_7_7 |     0.002 |
|     ram_reg_3072_3327_0_0   |     0.002 |
|     ram_reg_3072_3327_1_1   |     0.002 |
|     ram_reg_3072_3327_2_2   |     0.002 |
|     ram_reg_3072_3327_3_3   |     0.002 |
|     ram_reg_3072_3327_4_4   |     0.002 |
|     ram_reg_3072_3327_5_5   |     0.001 |
|     ram_reg_3072_3327_6_6   |     0.001 |
|     ram_reg_3072_3327_7_7   |     0.001 |
|     ram_reg_30976_31231_0_0 |     0.002 |
|     ram_reg_30976_31231_1_1 |     0.003 |
|     ram_reg_30976_31231_2_2 |     0.002 |
|     ram_reg_30976_31231_3_3 |     0.001 |
|     ram_reg_30976_31231_4_4 |     0.001 |
|     ram_reg_30976_31231_5_5 |     0.002 |
|     ram_reg_30976_31231_6_6 |     0.002 |
|     ram_reg_30976_31231_7_7 |     0.002 |
|     ram_reg_31232_31487_0_0 |     0.003 |
|     ram_reg_31232_31487_1_1 |     0.001 |
|     ram_reg_31232_31487_2_2 |     0.001 |
|     ram_reg_31232_31487_3_3 |     0.001 |
|     ram_reg_31232_31487_4_4 |     0.002 |
|     ram_reg_31232_31487_5_5 |     0.002 |
|     ram_reg_31232_31487_6_6 |     0.002 |
|     ram_reg_31232_31487_7_7 |     0.002 |
|     ram_reg_31488_31743_0_0 |     0.002 |
|     ram_reg_31488_31743_1_1 |     0.002 |
|     ram_reg_31488_31743_2_2 |     0.002 |
|     ram_reg_31488_31743_3_3 |     0.002 |
|     ram_reg_31488_31743_4_4 |     0.002 |
|     ram_reg_31488_31743_5_5 |     0.001 |
|     ram_reg_31488_31743_6_6 |     0.001 |
|     ram_reg_31488_31743_7_7 |     0.002 |
|     ram_reg_31744_31999_0_0 |     0.002 |
|     ram_reg_31744_31999_1_1 |     0.002 |
|     ram_reg_31744_31999_2_2 |     0.002 |
|     ram_reg_31744_31999_3_3 |     0.002 |
|     ram_reg_31744_31999_4_4 |     0.001 |
|     ram_reg_31744_31999_5_5 |     0.002 |
|     ram_reg_31744_31999_6_6 |     0.002 |
|     ram_reg_31744_31999_7_7 |     0.002 |
|     ram_reg_32000_32255_0_0 |     0.001 |
|     ram_reg_32000_32255_1_1 |     0.002 |
|     ram_reg_32000_32255_2_2 |     0.002 |
|     ram_reg_32000_32255_3_3 |     0.002 |
|     ram_reg_32000_32255_4_4 |     0.002 |
|     ram_reg_32000_32255_5_5 |     0.002 |
|     ram_reg_32000_32255_6_6 |     0.002 |
|     ram_reg_32000_32255_7_7 |     0.002 |
|     ram_reg_32256_32511_0_0 |     0.003 |
|     ram_reg_32256_32511_1_1 |     0.003 |
|     ram_reg_32256_32511_2_2 |     0.002 |
|     ram_reg_32256_32511_3_3 |     0.002 |
|     ram_reg_32256_32511_4_4 |     0.002 |
|     ram_reg_32256_32511_5_5 |     0.002 |
|     ram_reg_32256_32511_6_6 |     0.002 |
|     ram_reg_32256_32511_7_7 |     0.002 |
|     ram_reg_32512_32767_0_0 |     0.002 |
|     ram_reg_32512_32767_1_1 |     0.002 |
|     ram_reg_32512_32767_2_2 |     0.002 |
|     ram_reg_32512_32767_3_3 |     0.002 |
|     ram_reg_32512_32767_4_4 |     0.002 |
|     ram_reg_32512_32767_5_5 |     0.002 |
|     ram_reg_32512_32767_6_6 |     0.001 |
|     ram_reg_32512_32767_7_7 |     0.002 |
|     ram_reg_32768_33023_0_0 |     0.002 |
|     ram_reg_32768_33023_1_1 |     0.002 |
|     ram_reg_32768_33023_2_2 |     0.002 |
|     ram_reg_32768_33023_3_3 |     0.003 |
|     ram_reg_32768_33023_4_4 |     0.002 |
|     ram_reg_32768_33023_5_5 |     0.002 |
|     ram_reg_32768_33023_6_6 |     0.003 |
|     ram_reg_32768_33023_7_7 |     0.003 |
|     ram_reg_33024_33279_0_0 |     0.003 |
|     ram_reg_33024_33279_1_1 |     0.002 |
|     ram_reg_33024_33279_2_2 |     0.002 |
|     ram_reg_33024_33279_3_3 |     0.002 |
|     ram_reg_33024_33279_4_4 |     0.003 |
|     ram_reg_33024_33279_5_5 |     0.002 |
|     ram_reg_33024_33279_6_6 |     0.003 |
|     ram_reg_33024_33279_7_7 |     0.003 |
|     ram_reg_33280_33535_0_0 |     0.004 |
|     ram_reg_33280_33535_1_1 |     0.002 |
|     ram_reg_33280_33535_2_2 |     0.002 |
|     ram_reg_33280_33535_3_3 |     0.002 |
|     ram_reg_33280_33535_4_4 |     0.003 |
|     ram_reg_33280_33535_5_5 |     0.002 |
|     ram_reg_33280_33535_6_6 |     0.002 |
|     ram_reg_33280_33535_7_7 |     0.003 |
|     ram_reg_3328_3583_0_0   |     0.002 |
|     ram_reg_3328_3583_1_1   |     0.003 |
|     ram_reg_3328_3583_2_2   |     0.004 |
|     ram_reg_3328_3583_3_3   |     0.003 |
|     ram_reg_3328_3583_4_4   |     0.003 |
|     ram_reg_3328_3583_5_5   |     0.002 |
|     ram_reg_3328_3583_6_6   |     0.003 |
|     ram_reg_3328_3583_7_7   |     0.002 |
|     ram_reg_33536_33791_0_0 |     0.002 |
|     ram_reg_33536_33791_1_1 |     0.001 |
|     ram_reg_33536_33791_2_2 |     0.002 |
|     ram_reg_33536_33791_3_3 |     0.003 |
|     ram_reg_33536_33791_4_4 |     0.003 |
|     ram_reg_33536_33791_5_5 |     0.002 |
|     ram_reg_33536_33791_6_6 |     0.003 |
|     ram_reg_33536_33791_7_7 |     0.002 |
|     ram_reg_33792_34047_0_0 |     0.003 |
|     ram_reg_33792_34047_1_1 |     0.002 |
|     ram_reg_33792_34047_2_2 |     0.002 |
|     ram_reg_33792_34047_3_3 |     0.002 |
|     ram_reg_33792_34047_4_4 |     0.003 |
|     ram_reg_33792_34047_5_5 |     0.002 |
|     ram_reg_33792_34047_6_6 |     0.003 |
|     ram_reg_33792_34047_7_7 |     0.002 |
|     ram_reg_34048_34303_0_0 |     0.002 |
|     ram_reg_34048_34303_1_1 |     0.002 |
|     ram_reg_34048_34303_2_2 |     0.002 |
|     ram_reg_34048_34303_3_3 |     0.001 |
|     ram_reg_34048_34303_4_4 |     0.003 |
|     ram_reg_34048_34303_5_5 |     0.003 |
|     ram_reg_34048_34303_6_6 |     0.002 |
|     ram_reg_34048_34303_7_7 |     0.002 |
|     ram_reg_34304_34559_0_0 |     0.003 |
|     ram_reg_34304_34559_1_1 |     0.002 |
|     ram_reg_34304_34559_2_2 |     0.002 |
|     ram_reg_34304_34559_3_3 |     0.003 |
|     ram_reg_34304_34559_4_4 |     0.002 |
|     ram_reg_34304_34559_5_5 |     0.002 |
|     ram_reg_34304_34559_6_6 |     0.003 |
|     ram_reg_34304_34559_7_7 |     0.003 |
|     ram_reg_34560_34815_0_0 |     0.003 |
|     ram_reg_34560_34815_1_1 |     0.002 |
|     ram_reg_34560_34815_2_2 |     0.004 |
|     ram_reg_34560_34815_3_3 |     0.002 |
|     ram_reg_34560_34815_4_4 |     0.002 |
|     ram_reg_34560_34815_5_5 |     0.002 |
|     ram_reg_34560_34815_6_6 |     0.002 |
|     ram_reg_34560_34815_7_7 |     0.002 |
|     ram_reg_34816_35071_0_0 |     0.003 |
|     ram_reg_34816_35071_1_1 |     0.001 |
|     ram_reg_34816_35071_2_2 |     0.002 |
|     ram_reg_34816_35071_3_3 |     0.002 |
|     ram_reg_34816_35071_4_4 |     0.003 |
|     ram_reg_34816_35071_5_5 |     0.002 |
|     ram_reg_34816_35071_6_6 |     0.002 |
|     ram_reg_34816_35071_7_7 |     0.002 |
|     ram_reg_35072_35327_0_0 |     0.003 |
|     ram_reg_35072_35327_1_1 |     0.003 |
|     ram_reg_35072_35327_2_2 |     0.004 |
|     ram_reg_35072_35327_3_3 |     0.003 |
|     ram_reg_35072_35327_4_4 |     0.003 |
|     ram_reg_35072_35327_5_5 |     0.003 |
|     ram_reg_35072_35327_6_6 |     0.003 |
|     ram_reg_35072_35327_7_7 |     0.003 |
|     ram_reg_35328_35583_0_0 |     0.002 |
|     ram_reg_35328_35583_1_1 |     0.002 |
|     ram_reg_35328_35583_2_2 |     0.002 |
|     ram_reg_35328_35583_3_3 |     0.004 |
|     ram_reg_35328_35583_4_4 |     0.002 |
|     ram_reg_35328_35583_5_5 |     0.002 |
|     ram_reg_35328_35583_6_6 |     0.003 |
|     ram_reg_35328_35583_7_7 |     0.002 |
|     ram_reg_35584_35839_0_0 |     0.005 |
|     ram_reg_35584_35839_1_1 |     0.004 |
|     ram_reg_35584_35839_2_2 |     0.004 |
|     ram_reg_35584_35839_3_3 |     0.002 |
|     ram_reg_35584_35839_4_4 |     0.004 |
|     ram_reg_35584_35839_5_5 |     0.003 |
|     ram_reg_35584_35839_6_6 |     0.004 |
|     ram_reg_35584_35839_7_7 |     0.004 |
|     ram_reg_35840_36095_0_0 |     0.003 |
|     ram_reg_35840_36095_1_1 |     0.004 |
|     ram_reg_35840_36095_2_2 |     0.004 |
|     ram_reg_35840_36095_3_3 |     0.004 |
|     ram_reg_35840_36095_4_4 |     0.004 |
|     ram_reg_35840_36095_5_5 |     0.004 |
|     ram_reg_35840_36095_6_6 |     0.004 |
|     ram_reg_35840_36095_7_7 |     0.003 |
|     ram_reg_3584_3839_0_0   |     0.002 |
|     ram_reg_3584_3839_1_1   |     0.003 |
|     ram_reg_3584_3839_2_2   |     0.002 |
|     ram_reg_3584_3839_3_3   |     0.003 |
|     ram_reg_3584_3839_4_4   |     0.003 |
|     ram_reg_3584_3839_5_5   |     0.002 |
|     ram_reg_3584_3839_6_6   |     0.002 |
|     ram_reg_3584_3839_7_7   |     0.001 |
|     ram_reg_36096_36351_0_0 |     0.003 |
|     ram_reg_36096_36351_1_1 |     0.003 |
|     ram_reg_36096_36351_2_2 |     0.003 |
|     ram_reg_36096_36351_3_3 |     0.002 |
|     ram_reg_36096_36351_4_4 |     0.004 |
|     ram_reg_36096_36351_5_5 |     0.004 |
|     ram_reg_36096_36351_6_6 |     0.004 |
|     ram_reg_36096_36351_7_7 |     0.003 |
|     ram_reg_36352_36607_0_0 |     0.002 |
|     ram_reg_36352_36607_1_1 |     0.002 |
|     ram_reg_36352_36607_2_2 |     0.003 |
|     ram_reg_36352_36607_3_3 |     0.003 |
|     ram_reg_36352_36607_4_4 |     0.004 |
|     ram_reg_36352_36607_5_5 |     0.003 |
|     ram_reg_36352_36607_6_6 |     0.003 |
|     ram_reg_36352_36607_7_7 |     0.003 |
|     ram_reg_36608_36863_0_0 |     0.002 |
|     ram_reg_36608_36863_1_1 |     0.002 |
|     ram_reg_36608_36863_2_2 |     0.002 |
|     ram_reg_36608_36863_3_3 |     0.002 |
|     ram_reg_36608_36863_4_4 |     0.002 |
|     ram_reg_36608_36863_5_5 |     0.001 |
|     ram_reg_36608_36863_6_6 |     0.002 |
|     ram_reg_36608_36863_7_7 |     0.003 |
|     ram_reg_36864_37119_0_0 |     0.003 |
|     ram_reg_36864_37119_1_1 |     0.002 |
|     ram_reg_36864_37119_2_2 |     0.002 |
|     ram_reg_36864_37119_3_3 |     0.001 |
|     ram_reg_36864_37119_4_4 |     0.002 |
|     ram_reg_36864_37119_5_5 |     0.002 |
|     ram_reg_36864_37119_6_6 |     0.003 |
|     ram_reg_36864_37119_7_7 |     0.002 |
|     ram_reg_37120_37375_0_0 |     0.003 |
|     ram_reg_37120_37375_1_1 |     0.003 |
|     ram_reg_37120_37375_2_2 |     0.002 |
|     ram_reg_37120_37375_3_3 |     0.003 |
|     ram_reg_37120_37375_4_4 |     0.002 |
|     ram_reg_37120_37375_5_5 |     0.002 |
|     ram_reg_37120_37375_6_6 |     0.003 |
|     ram_reg_37120_37375_7_7 |     0.003 |
|     ram_reg_37376_37631_0_0 |     0.002 |
|     ram_reg_37376_37631_1_1 |     0.003 |
|     ram_reg_37376_37631_2_2 |     0.002 |
|     ram_reg_37376_37631_3_3 |     0.003 |
|     ram_reg_37376_37631_4_4 |     0.001 |
|     ram_reg_37376_37631_5_5 |     0.002 |
|     ram_reg_37376_37631_6_6 |     0.004 |
|     ram_reg_37376_37631_7_7 |     0.004 |
|     ram_reg_37632_37887_0_0 |     0.002 |
|     ram_reg_37632_37887_1_1 |     0.003 |
|     ram_reg_37632_37887_2_2 |     0.002 |
|     ram_reg_37632_37887_3_3 |     0.002 |
|     ram_reg_37632_37887_4_4 |     0.001 |
|     ram_reg_37632_37887_5_5 |     0.002 |
|     ram_reg_37632_37887_6_6 |     0.003 |
|     ram_reg_37632_37887_7_7 |     0.004 |
|     ram_reg_37888_38143_0_0 |     0.002 |
|     ram_reg_37888_38143_1_1 |     0.002 |
|     ram_reg_37888_38143_2_2 |     0.002 |
|     ram_reg_37888_38143_3_3 |     0.002 |
|     ram_reg_37888_38143_4_4 |     0.002 |
|     ram_reg_37888_38143_5_5 |     0.002 |
|     ram_reg_37888_38143_6_6 |     0.003 |
|     ram_reg_37888_38143_7_7 |     0.004 |
|     ram_reg_38144_38399_0_0 |     0.003 |
|     ram_reg_38144_38399_1_1 |     0.002 |
|     ram_reg_38144_38399_2_2 |     0.002 |
|     ram_reg_38144_38399_3_3 |     0.003 |
|     ram_reg_38144_38399_4_4 |     0.002 |
|     ram_reg_38144_38399_5_5 |     0.001 |
|     ram_reg_38144_38399_6_6 |     0.003 |
|     ram_reg_38144_38399_7_7 |     0.003 |
|     ram_reg_38400_38655_0_0 |     0.003 |
|     ram_reg_38400_38655_1_1 |     0.003 |
|     ram_reg_38400_38655_2_2 |     0.003 |
|     ram_reg_38400_38655_3_3 |     0.003 |
|     ram_reg_38400_38655_4_4 |     0.002 |
|     ram_reg_38400_38655_5_5 |     0.002 |
|     ram_reg_38400_38655_6_6 |     0.003 |
|     ram_reg_38400_38655_7_7 |     0.003 |
|     ram_reg_3840_4095_0_0   |     0.002 |
|     ram_reg_3840_4095_1_1   |     0.004 |
|     ram_reg_3840_4095_2_2   |     0.003 |
|     ram_reg_3840_4095_3_3   |     0.003 |
|     ram_reg_3840_4095_4_4   |     0.002 |
|     ram_reg_3840_4095_5_5   |     0.002 |
|     ram_reg_3840_4095_6_6   |     0.002 |
|     ram_reg_3840_4095_7_7   |     0.002 |
|     ram_reg_38656_38911_0_0 |     0.002 |
|     ram_reg_38656_38911_1_1 |     0.002 |
|     ram_reg_38656_38911_2_2 |     0.003 |
|     ram_reg_38656_38911_3_3 |     0.002 |
|     ram_reg_38656_38911_4_4 |     0.002 |
|     ram_reg_38656_38911_5_5 |     0.002 |
|     ram_reg_38656_38911_6_6 |     0.003 |
|     ram_reg_38656_38911_7_7 |     0.002 |
|     ram_reg_38912_39167_0_0 |     0.003 |
|     ram_reg_38912_39167_1_1 |     0.004 |
|     ram_reg_38912_39167_2_2 |     0.003 |
|     ram_reg_38912_39167_3_3 |     0.003 |
|     ram_reg_38912_39167_4_4 |     0.002 |
|     ram_reg_38912_39167_5_5 |     0.002 |
|     ram_reg_38912_39167_6_6 |     0.004 |
|     ram_reg_38912_39167_7_7 |     0.003 |
|     ram_reg_39168_39423_0_0 |     0.003 |
|     ram_reg_39168_39423_1_1 |     0.003 |
|     ram_reg_39168_39423_2_2 |     0.003 |
|     ram_reg_39168_39423_3_3 |     0.003 |
|     ram_reg_39168_39423_4_4 |     0.002 |
|     ram_reg_39168_39423_5_5 |     0.002 |
|     ram_reg_39168_39423_6_6 |     0.004 |
|     ram_reg_39168_39423_7_7 |     0.003 |
|     ram_reg_39424_39679_0_0 |     0.003 |
|     ram_reg_39424_39679_1_1 |     0.003 |
|     ram_reg_39424_39679_2_2 |     0.002 |
|     ram_reg_39424_39679_3_3 |     0.004 |
|     ram_reg_39424_39679_4_4 |     0.002 |
|     ram_reg_39424_39679_5_5 |     0.002 |
|     ram_reg_39424_39679_6_6 |     0.004 |
|     ram_reg_39424_39679_7_7 |     0.003 |
|     ram_reg_39680_39935_0_0 |     0.003 |
|     ram_reg_39680_39935_1_1 |     0.002 |
|     ram_reg_39680_39935_2_2 |     0.003 |
|     ram_reg_39680_39935_3_3 |     0.003 |
|     ram_reg_39680_39935_4_4 |     0.002 |
|     ram_reg_39680_39935_5_5 |     0.002 |
|     ram_reg_39680_39935_6_6 |     0.003 |
|     ram_reg_39680_39935_7_7 |     0.002 |
|     ram_reg_39936_40191_0_0 |     0.002 |
|     ram_reg_39936_40191_1_1 |     0.002 |
|     ram_reg_39936_40191_2_2 |     0.002 |
|     ram_reg_39936_40191_3_3 |     0.003 |
|     ram_reg_39936_40191_4_4 |     0.002 |
|     ram_reg_39936_40191_5_5 |     0.003 |
|     ram_reg_39936_40191_6_6 |     0.003 |
|     ram_reg_39936_40191_7_7 |     0.003 |
|     ram_reg_40192_40447_0_0 |     0.004 |
|     ram_reg_40192_40447_1_1 |     0.003 |
|     ram_reg_40192_40447_2_2 |     0.002 |
|     ram_reg_40192_40447_3_3 |     0.001 |
|     ram_reg_40192_40447_4_4 |     0.003 |
|     ram_reg_40192_40447_5_5 |     0.002 |
|     ram_reg_40192_40447_6_6 |     0.003 |
|     ram_reg_40192_40447_7_7 |     0.002 |
|     ram_reg_40448_40703_0_0 |     0.003 |
|     ram_reg_40448_40703_1_1 |     0.003 |
|     ram_reg_40448_40703_2_2 |     0.002 |
|     ram_reg_40448_40703_3_3 |     0.003 |
|     ram_reg_40448_40703_4_4 |     0.002 |
|     ram_reg_40448_40703_5_5 |     0.002 |
|     ram_reg_40448_40703_6_6 |     0.002 |
|     ram_reg_40448_40703_7_7 |     0.003 |
|     ram_reg_40704_40959_0_0 |     0.003 |
|     ram_reg_40704_40959_1_1 |     0.002 |
|     ram_reg_40704_40959_2_2 |     0.003 |
|     ram_reg_40704_40959_3_3 |     0.002 |
|     ram_reg_40704_40959_4_4 |     0.002 |
|     ram_reg_40704_40959_5_5 |     0.002 |
|     ram_reg_40704_40959_6_6 |     0.003 |
|     ram_reg_40704_40959_7_7 |     0.003 |
|     ram_reg_40960_41215_0_0 |     0.002 |
|     ram_reg_40960_41215_1_1 |     0.002 |
|     ram_reg_40960_41215_2_2 |     0.001 |
|     ram_reg_40960_41215_3_3 |     0.002 |
|     ram_reg_40960_41215_4_4 |     0.002 |
|     ram_reg_40960_41215_5_5 |     0.002 |
|     ram_reg_40960_41215_6_6 |     0.002 |
|     ram_reg_40960_41215_7_7 |     0.002 |
|     ram_reg_4096_4351_0_0   |     0.002 |
|     ram_reg_4096_4351_1_1   |     0.002 |
|     ram_reg_4096_4351_2_2   |     0.002 |
|     ram_reg_4096_4351_3_3   |     0.002 |
|     ram_reg_4096_4351_4_4   |     0.002 |
|     ram_reg_4096_4351_5_5   |     0.002 |
|     ram_reg_4096_4351_6_6   |     0.002 |
|     ram_reg_4096_4351_7_7   |     0.002 |
|     ram_reg_41216_41471_0_0 |     0.002 |
|     ram_reg_41216_41471_1_1 |     0.002 |
|     ram_reg_41216_41471_2_2 |     0.002 |
|     ram_reg_41216_41471_3_3 |     0.002 |
|     ram_reg_41216_41471_4_4 |     0.001 |
|     ram_reg_41216_41471_5_5 |     0.002 |
|     ram_reg_41216_41471_6_6 |     0.002 |
|     ram_reg_41216_41471_7_7 |     0.002 |
|     ram_reg_41472_41727_0_0 |     0.002 |
|     ram_reg_41472_41727_1_1 |     0.002 |
|     ram_reg_41472_41727_2_2 |     0.002 |
|     ram_reg_41472_41727_3_3 |     0.001 |
|     ram_reg_41472_41727_4_4 |     0.002 |
|     ram_reg_41472_41727_5_5 |     0.002 |
|     ram_reg_41472_41727_6_6 |     0.002 |
|     ram_reg_41472_41727_7_7 |     0.001 |
|     ram_reg_41728_41983_0_0 |     0.002 |
|     ram_reg_41728_41983_1_1 |     0.002 |
|     ram_reg_41728_41983_2_2 |     0.003 |
|     ram_reg_41728_41983_3_3 |     0.002 |
|     ram_reg_41728_41983_4_4 |     0.002 |
|     ram_reg_41728_41983_5_5 |     0.002 |
|     ram_reg_41728_41983_6_6 |     0.003 |
|     ram_reg_41728_41983_7_7 |     0.001 |
|     ram_reg_41984_42239_0_0 |     0.002 |
|     ram_reg_41984_42239_1_1 |     0.002 |
|     ram_reg_41984_42239_2_2 |     0.003 |
|     ram_reg_41984_42239_3_3 |     0.002 |
|     ram_reg_41984_42239_4_4 |     0.003 |
|     ram_reg_41984_42239_5_5 |     0.002 |
|     ram_reg_41984_42239_6_6 |     0.003 |
|     ram_reg_41984_42239_7_7 |     0.002 |
|     ram_reg_42240_42495_0_0 |     0.002 |
|     ram_reg_42240_42495_1_1 |     0.002 |
|     ram_reg_42240_42495_2_2 |     0.002 |
|     ram_reg_42240_42495_3_3 |     0.002 |
|     ram_reg_42240_42495_4_4 |     0.001 |
|     ram_reg_42240_42495_5_5 |     0.002 |
|     ram_reg_42240_42495_6_6 |     0.002 |
|     ram_reg_42240_42495_7_7 |     0.001 |
|     ram_reg_42496_42751_0_0 |     0.002 |
|     ram_reg_42496_42751_1_1 |     0.002 |
|     ram_reg_42496_42751_2_2 |     0.002 |
|     ram_reg_42496_42751_3_3 |     0.003 |
|     ram_reg_42496_42751_4_4 |     0.004 |
|     ram_reg_42496_42751_5_5 |     0.002 |
|     ram_reg_42496_42751_6_6 |     0.004 |
|     ram_reg_42496_42751_7_7 |     0.001 |
|     ram_reg_42752_43007_0_0 |     0.002 |
|     ram_reg_42752_43007_1_1 |     0.002 |
|     ram_reg_42752_43007_2_2 |     0.002 |
|     ram_reg_42752_43007_3_3 |     0.002 |
|     ram_reg_42752_43007_4_4 |     0.002 |
|     ram_reg_42752_43007_5_5 |     0.002 |
|     ram_reg_42752_43007_6_6 |     0.002 |
|     ram_reg_42752_43007_7_7 |     0.002 |
|     ram_reg_43008_43263_0_0 |     0.002 |
|     ram_reg_43008_43263_1_1 |     0.002 |
|     ram_reg_43008_43263_2_2 |     0.002 |
|     ram_reg_43008_43263_3_3 |     0.001 |
|     ram_reg_43008_43263_4_4 |     0.002 |
|     ram_reg_43008_43263_5_5 |     0.001 |
|     ram_reg_43008_43263_6_6 |     0.001 |
|     ram_reg_43008_43263_7_7 |     0.002 |
|     ram_reg_43264_43519_0_0 |     0.003 |
|     ram_reg_43264_43519_1_1 |     0.002 |
|     ram_reg_43264_43519_2_2 |     0.002 |
|     ram_reg_43264_43519_3_3 |     0.003 |
|     ram_reg_43264_43519_4_4 |     0.002 |
|     ram_reg_43264_43519_5_5 |     0.003 |
|     ram_reg_43264_43519_6_6 |     0.004 |
|     ram_reg_43264_43519_7_7 |     0.003 |
|     ram_reg_43520_43775_0_0 |     0.003 |
|     ram_reg_43520_43775_1_1 |     0.002 |
|     ram_reg_43520_43775_2_2 |     0.002 |
|     ram_reg_43520_43775_3_3 |     0.001 |
|     ram_reg_43520_43775_4_4 |     0.002 |
|     ram_reg_43520_43775_5_5 |     0.002 |
|     ram_reg_43520_43775_6_6 |     0.003 |
|     ram_reg_43520_43775_7_7 |     0.002 |
|     ram_reg_4352_4607_0_0   |     0.002 |
|     ram_reg_4352_4607_1_1   |     0.002 |
|     ram_reg_4352_4607_2_2   |     0.002 |
|     ram_reg_4352_4607_3_3   |     0.001 |
|     ram_reg_4352_4607_4_4   |     0.002 |
|     ram_reg_4352_4607_5_5   |     0.001 |
|     ram_reg_4352_4607_6_6   |     0.002 |
|     ram_reg_4352_4607_7_7   |     0.002 |
|     ram_reg_43776_44031_0_0 |     0.002 |
|     ram_reg_43776_44031_1_1 |     0.001 |
|     ram_reg_43776_44031_2_2 |     0.002 |
|     ram_reg_43776_44031_3_3 |     0.002 |
|     ram_reg_43776_44031_4_4 |     0.002 |
|     ram_reg_43776_44031_5_5 |     0.002 |
|     ram_reg_43776_44031_6_6 |     0.002 |
|     ram_reg_43776_44031_7_7 |     0.002 |
|     ram_reg_44032_44287_0_0 |     0.002 |
|     ram_reg_44032_44287_1_1 |     0.003 |
|     ram_reg_44032_44287_2_2 |     0.002 |
|     ram_reg_44032_44287_3_3 |     0.001 |
|     ram_reg_44032_44287_4_4 |     0.001 |
|     ram_reg_44032_44287_5_5 |     0.002 |
|     ram_reg_44032_44287_6_6 |     0.003 |
|     ram_reg_44032_44287_7_7 |     0.002 |
|     ram_reg_44288_44543_0_0 |     0.002 |
|     ram_reg_44288_44543_1_1 |     0.001 |
|     ram_reg_44288_44543_2_2 |     0.002 |
|     ram_reg_44288_44543_3_3 |     0.002 |
|     ram_reg_44288_44543_4_4 |     0.002 |
|     ram_reg_44288_44543_5_5 |     0.002 |
|     ram_reg_44288_44543_6_6 |     0.002 |
|     ram_reg_44288_44543_7_7 |     0.002 |
|     ram_reg_44544_44799_0_0 |     0.002 |
|     ram_reg_44544_44799_1_1 |     0.002 |
|     ram_reg_44544_44799_2_2 |     0.002 |
|     ram_reg_44544_44799_3_3 |     0.002 |
|     ram_reg_44544_44799_4_4 |     0.002 |
|     ram_reg_44544_44799_5_5 |     0.002 |
|     ram_reg_44544_44799_6_6 |     0.002 |
|     ram_reg_44544_44799_7_7 |     0.001 |
|     ram_reg_44800_45055_0_0 |     0.002 |
|     ram_reg_44800_45055_1_1 |     0.002 |
|     ram_reg_44800_45055_2_2 |     0.002 |
|     ram_reg_44800_45055_3_3 |     0.002 |
|     ram_reg_44800_45055_4_4 |     0.002 |
|     ram_reg_44800_45055_5_5 |     0.001 |
|     ram_reg_44800_45055_6_6 |     0.002 |
|     ram_reg_44800_45055_7_7 |     0.002 |
|     ram_reg_45056_45311_0_0 |     0.002 |
|     ram_reg_45056_45311_1_1 |     0.001 |
|     ram_reg_45056_45311_2_2 |     0.002 |
|     ram_reg_45056_45311_3_3 |     0.002 |
|     ram_reg_45056_45311_4_4 |     0.001 |
|     ram_reg_45056_45311_5_5 |     0.002 |
|     ram_reg_45056_45311_6_6 |     0.004 |
|     ram_reg_45056_45311_7_7 |     0.002 |
|     ram_reg_45312_45567_0_0 |     0.001 |
|     ram_reg_45312_45567_1_1 |     0.001 |
|     ram_reg_45312_45567_2_2 |     0.002 |
|     ram_reg_45312_45567_3_3 |     0.001 |
|     ram_reg_45312_45567_4_4 |     0.002 |
|     ram_reg_45312_45567_5_5 |     0.001 |
|     ram_reg_45312_45567_6_6 |     0.003 |
|     ram_reg_45312_45567_7_7 |     0.001 |
|     ram_reg_45568_45823_0_0 |     0.002 |
|     ram_reg_45568_45823_1_1 |     0.001 |
|     ram_reg_45568_45823_2_2 |     0.001 |
|     ram_reg_45568_45823_3_3 |     0.003 |
|     ram_reg_45568_45823_4_4 |     0.003 |
|     ram_reg_45568_45823_5_5 |     0.003 |
|     ram_reg_45568_45823_6_6 |     0.002 |
|     ram_reg_45568_45823_7_7 |     0.004 |
|     ram_reg_45824_46079_0_0 |     0.002 |
|     ram_reg_45824_46079_1_1 |     0.002 |
|     ram_reg_45824_46079_2_2 |     0.002 |
|     ram_reg_45824_46079_3_3 |     0.002 |
|     ram_reg_45824_46079_4_4 |     0.002 |
|     ram_reg_45824_46079_5_5 |     0.003 |
|     ram_reg_45824_46079_6_6 |     0.003 |
|     ram_reg_45824_46079_7_7 |     0.001 |
|     ram_reg_46080_46335_0_0 |     0.004 |
|     ram_reg_46080_46335_1_1 |     0.003 |
|     ram_reg_46080_46335_2_2 |     0.003 |
|     ram_reg_46080_46335_3_3 |     0.004 |
|     ram_reg_46080_46335_4_4 |     0.003 |
|     ram_reg_46080_46335_5_5 |     0.003 |
|     ram_reg_46080_46335_6_6 |     0.002 |
|     ram_reg_46080_46335_7_7 |     0.004 |
|     ram_reg_4608_4863_0_0   |     0.003 |
|     ram_reg_4608_4863_1_1   |     0.001 |
|     ram_reg_4608_4863_2_2   |     0.002 |
|     ram_reg_4608_4863_3_3   |     0.001 |
|     ram_reg_4608_4863_4_4   |     0.001 |
|     ram_reg_4608_4863_5_5   |     0.003 |
|     ram_reg_4608_4863_6_6   |     0.002 |
|     ram_reg_4608_4863_7_7   |     0.002 |
|     ram_reg_46336_46591_0_0 |     0.002 |
|     ram_reg_46336_46591_1_1 |     0.003 |
|     ram_reg_46336_46591_2_2 |     0.004 |
|     ram_reg_46336_46591_3_3 |     0.004 |
|     ram_reg_46336_46591_4_4 |     0.003 |
|     ram_reg_46336_46591_5_5 |     0.003 |
|     ram_reg_46336_46591_6_6 |     0.004 |
|     ram_reg_46336_46591_7_7 |     0.002 |
|     ram_reg_46592_46847_0_0 |     0.002 |
|     ram_reg_46592_46847_1_1 |     0.002 |
|     ram_reg_46592_46847_2_2 |     0.003 |
|     ram_reg_46592_46847_3_3 |     0.002 |
|     ram_reg_46592_46847_4_4 |     0.003 |
|     ram_reg_46592_46847_5_5 |     0.002 |
|     ram_reg_46592_46847_6_6 |     0.001 |
|     ram_reg_46592_46847_7_7 |    <0.001 |
|     ram_reg_46848_47103_0_0 |     0.002 |
|     ram_reg_46848_47103_1_1 |     0.002 |
|     ram_reg_46848_47103_2_2 |     0.002 |
|     ram_reg_46848_47103_3_3 |     0.002 |
|     ram_reg_46848_47103_4_4 |     0.002 |
|     ram_reg_46848_47103_5_5 |     0.001 |
|     ram_reg_46848_47103_6_6 |     0.004 |
|     ram_reg_46848_47103_7_7 |     0.001 |
|     ram_reg_47104_47359_0_0 |     0.003 |
|     ram_reg_47104_47359_1_1 |     0.001 |
|     ram_reg_47104_47359_2_2 |     0.002 |
|     ram_reg_47104_47359_3_3 |     0.001 |
|     ram_reg_47104_47359_4_4 |     0.003 |
|     ram_reg_47104_47359_5_5 |     0.003 |
|     ram_reg_47104_47359_6_6 |     0.002 |
|     ram_reg_47104_47359_7_7 |     0.004 |
|     ram_reg_47360_47615_0_0 |     0.002 |
|     ram_reg_47360_47615_1_1 |     0.001 |
|     ram_reg_47360_47615_2_2 |     0.001 |
|     ram_reg_47360_47615_3_3 |     0.001 |
|     ram_reg_47360_47615_4_4 |     0.002 |
|     ram_reg_47360_47615_5_5 |     0.003 |
|     ram_reg_47360_47615_6_6 |     0.002 |
|     ram_reg_47360_47615_7_7 |     0.001 |
|     ram_reg_47616_47871_0_0 |     0.003 |
|     ram_reg_47616_47871_1_1 |     0.002 |
|     ram_reg_47616_47871_2_2 |     0.002 |
|     ram_reg_47616_47871_3_3 |     0.004 |
|     ram_reg_47616_47871_4_4 |     0.002 |
|     ram_reg_47616_47871_5_5 |     0.002 |
|     ram_reg_47616_47871_6_6 |     0.002 |
|     ram_reg_47616_47871_7_7 |     0.002 |
|     ram_reg_47872_48127_0_0 |     0.002 |
|     ram_reg_47872_48127_1_1 |     0.002 |
|     ram_reg_47872_48127_2_2 |     0.001 |
|     ram_reg_47872_48127_3_3 |     0.002 |
|     ram_reg_47872_48127_4_4 |     0.002 |
|     ram_reg_47872_48127_5_5 |     0.003 |
|     ram_reg_47872_48127_6_6 |     0.001 |
|     ram_reg_47872_48127_7_7 |     0.003 |
|     ram_reg_48128_48383_0_0 |     0.004 |
|     ram_reg_48128_48383_1_1 |     0.002 |
|     ram_reg_48128_48383_2_2 |     0.002 |
|     ram_reg_48128_48383_3_3 |     0.002 |
|     ram_reg_48128_48383_4_4 |     0.002 |
|     ram_reg_48128_48383_5_5 |     0.002 |
|     ram_reg_48128_48383_6_6 |     0.002 |
|     ram_reg_48128_48383_7_7 |     0.002 |
|     ram_reg_48384_48639_0_0 |     0.002 |
|     ram_reg_48384_48639_1_1 |     0.002 |
|     ram_reg_48384_48639_2_2 |     0.002 |
|     ram_reg_48384_48639_3_3 |     0.003 |
|     ram_reg_48384_48639_4_4 |     0.002 |
|     ram_reg_48384_48639_5_5 |     0.002 |
|     ram_reg_48384_48639_6_6 |     0.002 |
|     ram_reg_48384_48639_7_7 |     0.002 |
|     ram_reg_48640_48895_0_0 |     0.002 |
|     ram_reg_48640_48895_1_1 |     0.002 |
|     ram_reg_48640_48895_2_2 |     0.002 |
|     ram_reg_48640_48895_3_3 |     0.002 |
|     ram_reg_48640_48895_4_4 |     0.002 |
|     ram_reg_48640_48895_5_5 |     0.002 |
|     ram_reg_48640_48895_6_6 |     0.002 |
|     ram_reg_48640_48895_7_7 |     0.002 |
|     ram_reg_4864_5119_0_0   |     0.002 |
|     ram_reg_4864_5119_1_1   |     0.002 |
|     ram_reg_4864_5119_2_2   |     0.002 |
|     ram_reg_4864_5119_3_3   |     0.002 |
|     ram_reg_4864_5119_4_4   |     0.001 |
|     ram_reg_4864_5119_5_5   |     0.002 |
|     ram_reg_4864_5119_6_6   |     0.002 |
|     ram_reg_4864_5119_7_7   |     0.002 |
|     ram_reg_48896_49151_0_0 |     0.002 |
|     ram_reg_48896_49151_1_1 |     0.002 |
|     ram_reg_48896_49151_2_2 |     0.002 |
|     ram_reg_48896_49151_3_3 |     0.002 |
|     ram_reg_48896_49151_4_4 |     0.002 |
|     ram_reg_48896_49151_5_5 |     0.002 |
|     ram_reg_48896_49151_6_6 |     0.002 |
|     ram_reg_48896_49151_7_7 |     0.003 |
|     ram_reg_49152_49407_0_0 |     0.003 |
|     ram_reg_49152_49407_1_1 |     0.002 |
|     ram_reg_49152_49407_2_2 |     0.002 |
|     ram_reg_49152_49407_3_3 |     0.002 |
|     ram_reg_49152_49407_4_4 |     0.005 |
|     ram_reg_49152_49407_5_5 |     0.004 |
|     ram_reg_49152_49407_6_6 |     0.003 |
|     ram_reg_49152_49407_7_7 |     0.003 |
|     ram_reg_49408_49663_0_0 |     0.002 |
|     ram_reg_49408_49663_1_1 |     0.001 |
|     ram_reg_49408_49663_2_2 |     0.002 |
|     ram_reg_49408_49663_3_3 |     0.001 |
|     ram_reg_49408_49663_4_4 |     0.002 |
|     ram_reg_49408_49663_5_5 |     0.002 |
|     ram_reg_49408_49663_6_6 |     0.002 |
|     ram_reg_49408_49663_7_7 |     0.002 |
|     ram_reg_49664_49919_0_0 |     0.003 |
|     ram_reg_49664_49919_1_1 |     0.002 |
|     ram_reg_49664_49919_2_2 |     0.002 |
|     ram_reg_49664_49919_3_3 |     0.002 |
|     ram_reg_49664_49919_4_4 |     0.005 |
|     ram_reg_49664_49919_5_5 |     0.003 |
|     ram_reg_49664_49919_6_6 |     0.002 |
|     ram_reg_49664_49919_7_7 |     0.002 |
|     ram_reg_49920_50175_0_0 |     0.002 |
|     ram_reg_49920_50175_1_1 |     0.002 |
|     ram_reg_49920_50175_2_2 |     0.003 |
|     ram_reg_49920_50175_3_3 |     0.002 |
|     ram_reg_49920_50175_4_4 |     0.005 |
|     ram_reg_49920_50175_5_5 |     0.002 |
|     ram_reg_49920_50175_6_6 |     0.001 |
|     ram_reg_49920_50175_7_7 |     0.002 |
|     ram_reg_50176_50431_0_0 |     0.002 |
|     ram_reg_50176_50431_1_1 |     0.002 |
|     ram_reg_50176_50431_2_2 |     0.003 |
|     ram_reg_50176_50431_3_3 |     0.001 |
|     ram_reg_50176_50431_4_4 |     0.003 |
|     ram_reg_50176_50431_5_5 |     0.001 |
|     ram_reg_50176_50431_6_6 |     0.002 |
|     ram_reg_50176_50431_7_7 |     0.002 |
|     ram_reg_50432_50687_0_0 |     0.003 |
|     ram_reg_50432_50687_1_1 |     0.002 |
|     ram_reg_50432_50687_2_2 |     0.002 |
|     ram_reg_50432_50687_3_3 |     0.003 |
|     ram_reg_50432_50687_4_4 |     0.001 |
|     ram_reg_50432_50687_5_5 |     0.002 |
|     ram_reg_50432_50687_6_6 |     0.002 |
|     ram_reg_50432_50687_7_7 |     0.002 |
|     ram_reg_50688_50943_0_0 |     0.004 |
|     ram_reg_50688_50943_1_1 |     0.002 |
|     ram_reg_50688_50943_2_2 |     0.005 |
|     ram_reg_50688_50943_3_3 |     0.004 |
|     ram_reg_50688_50943_4_4 |     0.005 |
|     ram_reg_50688_50943_5_5 |     0.003 |
|     ram_reg_50688_50943_6_6 |     0.003 |
|     ram_reg_50688_50943_7_7 |     0.002 |
|     ram_reg_50944_51199_0_0 |     0.002 |
|     ram_reg_50944_51199_1_1 |     0.002 |
|     ram_reg_50944_51199_2_2 |     0.002 |
|     ram_reg_50944_51199_3_3 |     0.002 |
|     ram_reg_50944_51199_4_4 |     0.005 |
|     ram_reg_50944_51199_5_5 |     0.004 |
|     ram_reg_50944_51199_6_6 |     0.003 |
|     ram_reg_50944_51199_7_7 |     0.002 |
|     ram_reg_51200_51455_0_0 |     0.001 |
|     ram_reg_51200_51455_1_1 |     0.002 |
|     ram_reg_51200_51455_2_2 |     0.002 |
|     ram_reg_51200_51455_3_3 |     0.003 |
|     ram_reg_51200_51455_4_4 |     0.004 |
|     ram_reg_51200_51455_5_5 |     0.002 |
|     ram_reg_51200_51455_6_6 |     0.004 |
|     ram_reg_51200_51455_7_7 |     0.004 |
|     ram_reg_5120_5375_0_0   |     0.002 |
|     ram_reg_5120_5375_1_1   |     0.002 |
|     ram_reg_5120_5375_2_2   |     0.003 |
|     ram_reg_5120_5375_3_3   |     0.002 |
|     ram_reg_5120_5375_4_4   |     0.001 |
|     ram_reg_5120_5375_5_5   |     0.001 |
|     ram_reg_5120_5375_6_6   |     0.002 |
|     ram_reg_5120_5375_7_7   |     0.001 |
|     ram_reg_512_767_0_0     |     0.003 |
|     ram_reg_512_767_1_1     |     0.002 |
|     ram_reg_512_767_2_2     |     0.002 |
|     ram_reg_512_767_3_3     |     0.001 |
|     ram_reg_512_767_4_4     |     0.001 |
|     ram_reg_512_767_5_5     |     0.002 |
|     ram_reg_512_767_6_6     |     0.001 |
|     ram_reg_512_767_7_7     |     0.002 |
|     ram_reg_51456_51711_0_0 |     0.002 |
|     ram_reg_51456_51711_1_1 |     0.004 |
|     ram_reg_51456_51711_2_2 |     0.005 |
|     ram_reg_51456_51711_3_3 |     0.001 |
|     ram_reg_51456_51711_4_4 |     0.003 |
|     ram_reg_51456_51711_5_5 |     0.004 |
|     ram_reg_51456_51711_6_6 |     0.003 |
|     ram_reg_51456_51711_7_7 |     0.004 |
|     ram_reg_51712_51967_0_0 |     0.003 |
|     ram_reg_51712_51967_1_1 |     0.003 |
|     ram_reg_51712_51967_2_2 |     0.003 |
|     ram_reg_51712_51967_3_3 |     0.006 |
|     ram_reg_51712_51967_4_4 |     0.004 |
|     ram_reg_51712_51967_5_5 |     0.004 |
|     ram_reg_51712_51967_6_6 |     0.005 |
|     ram_reg_51712_51967_7_7 |     0.004 |
|     ram_reg_51968_52223_0_0 |     0.002 |
|     ram_reg_51968_52223_1_1 |     0.002 |
|     ram_reg_51968_52223_2_2 |     0.002 |
|     ram_reg_51968_52223_3_3 |     0.002 |
|     ram_reg_51968_52223_4_4 |     0.003 |
|     ram_reg_51968_52223_5_5 |     0.002 |
|     ram_reg_51968_52223_6_6 |     0.004 |
|     ram_reg_51968_52223_7_7 |     0.002 |
|     ram_reg_52224_52479_0_0 |     0.003 |
|     ram_reg_52224_52479_1_1 |     0.004 |
|     ram_reg_52224_52479_2_2 |     0.003 |
|     ram_reg_52224_52479_3_3 |     0.005 |
|     ram_reg_52224_52479_4_4 |     0.003 |
|     ram_reg_52224_52479_5_5 |     0.004 |
|     ram_reg_52224_52479_6_6 |     0.004 |
|     ram_reg_52224_52479_7_7 |     0.004 |
|     ram_reg_52480_52735_0_0 |     0.002 |
|     ram_reg_52480_52735_1_1 |     0.002 |
|     ram_reg_52480_52735_2_2 |     0.002 |
|     ram_reg_52480_52735_3_3 |     0.002 |
|     ram_reg_52480_52735_4_4 |     0.002 |
|     ram_reg_52480_52735_5_5 |     0.003 |
|     ram_reg_52480_52735_6_6 |     0.002 |
|     ram_reg_52480_52735_7_7 |     0.001 |
|     ram_reg_52736_52991_0_0 |     0.002 |
|     ram_reg_52736_52991_1_1 |     0.002 |
|     ram_reg_52736_52991_2_2 |     0.002 |
|     ram_reg_52736_52991_3_3 |     0.002 |
|     ram_reg_52736_52991_4_4 |     0.001 |
|     ram_reg_52736_52991_5_5 |     0.003 |
|     ram_reg_52736_52991_6_6 |     0.003 |
|     ram_reg_52736_52991_7_7 |     0.002 |
|     ram_reg_52992_53247_0_0 |     0.003 |
|     ram_reg_52992_53247_1_1 |     0.002 |
|     ram_reg_52992_53247_2_2 |     0.001 |
|     ram_reg_52992_53247_3_3 |     0.002 |
|     ram_reg_52992_53247_4_4 |     0.005 |
|     ram_reg_52992_53247_5_5 |     0.002 |
|     ram_reg_52992_53247_6_6 |     0.002 |
|     ram_reg_52992_53247_7_7 |     0.002 |
|     ram_reg_53248_53503_0_0 |     0.003 |
|     ram_reg_53248_53503_1_1 |     0.003 |
|     ram_reg_53248_53503_2_2 |     0.003 |
|     ram_reg_53248_53503_3_3 |     0.003 |
|     ram_reg_53248_53503_4_4 |     0.002 |
|     ram_reg_53248_53503_5_5 |     0.003 |
|     ram_reg_53248_53503_6_6 |     0.003 |
|     ram_reg_53248_53503_7_7 |     0.002 |
|     ram_reg_53504_53759_0_0 |     0.002 |
|     ram_reg_53504_53759_1_1 |     0.002 |
|     ram_reg_53504_53759_2_2 |     0.002 |
|     ram_reg_53504_53759_3_3 |     0.003 |
|     ram_reg_53504_53759_4_4 |     0.003 |
|     ram_reg_53504_53759_5_5 |     0.002 |
|     ram_reg_53504_53759_6_6 |     0.022 |
|     ram_reg_53504_53759_7_7 |     0.003 |
|     ram_reg_53760_54015_0_0 |     0.004 |
|     ram_reg_53760_54015_1_1 |     0.002 |
|     ram_reg_53760_54015_2_2 |     0.002 |
|     ram_reg_53760_54015_3_3 |     0.003 |
|     ram_reg_53760_54015_4_4 |     0.003 |
|     ram_reg_53760_54015_5_5 |     0.002 |
|     ram_reg_53760_54015_6_6 |     0.003 |
|     ram_reg_53760_54015_7_7 |     0.002 |
|     ram_reg_5376_5631_0_0   |     0.002 |
|     ram_reg_5376_5631_1_1   |     0.002 |
|     ram_reg_5376_5631_2_2   |     0.001 |
|     ram_reg_5376_5631_3_3   |     0.002 |
|     ram_reg_5376_5631_4_4   |     0.001 |
|     ram_reg_5376_5631_5_5   |     0.002 |
|     ram_reg_5376_5631_6_6   |     0.001 |
|     ram_reg_5376_5631_7_7   |     0.002 |
|     ram_reg_54016_54271_0_0 |     0.003 |
|     ram_reg_54016_54271_1_1 |     0.002 |
|     ram_reg_54016_54271_2_2 |     0.002 |
|     ram_reg_54016_54271_3_3 |     0.002 |
|     ram_reg_54016_54271_4_4 |     0.002 |
|     ram_reg_54016_54271_5_5 |     0.002 |
|     ram_reg_54016_54271_6_6 |     0.002 |
|     ram_reg_54016_54271_7_7 |     0.002 |
|     ram_reg_54272_54527_0_0 |     0.003 |
|     ram_reg_54272_54527_1_1 |     0.002 |
|     ram_reg_54272_54527_2_2 |     0.003 |
|     ram_reg_54272_54527_3_3 |     0.002 |
|     ram_reg_54272_54527_4_4 |     0.002 |
|     ram_reg_54272_54527_5_5 |     0.003 |
|     ram_reg_54272_54527_6_6 |     0.002 |
|     ram_reg_54272_54527_7_7 |     0.002 |
|     ram_reg_54528_54783_0_0 |     0.002 |
|     ram_reg_54528_54783_1_1 |     0.002 |
|     ram_reg_54528_54783_2_2 |     0.002 |
|     ram_reg_54528_54783_3_3 |     0.001 |
|     ram_reg_54528_54783_4_4 |     0.002 |
|     ram_reg_54528_54783_5_5 |     0.002 |
|     ram_reg_54528_54783_6_6 |     0.002 |
|     ram_reg_54528_54783_7_7 |     0.002 |
|     ram_reg_54784_55039_0_0 |     0.002 |
|     ram_reg_54784_55039_1_1 |     0.002 |
|     ram_reg_54784_55039_2_2 |     0.002 |
|     ram_reg_54784_55039_3_3 |     0.002 |
|     ram_reg_54784_55039_4_4 |     0.002 |
|     ram_reg_54784_55039_5_5 |     0.002 |
|     ram_reg_54784_55039_6_6 |     0.002 |
|     ram_reg_54784_55039_7_7 |    <0.001 |
|     ram_reg_55040_55295_0_0 |     0.002 |
|     ram_reg_55040_55295_1_1 |     0.004 |
|     ram_reg_55040_55295_2_2 |     0.001 |
|     ram_reg_55040_55295_3_3 |     0.002 |
|     ram_reg_55040_55295_4_4 |     0.001 |
|     ram_reg_55040_55295_5_5 |     0.002 |
|     ram_reg_55040_55295_6_6 |     0.002 |
|     ram_reg_55040_55295_7_7 |     0.002 |
|     ram_reg_55296_55551_0_0 |     0.004 |
|     ram_reg_55296_55551_1_1 |     0.003 |
|     ram_reg_55296_55551_2_2 |     0.003 |
|     ram_reg_55296_55551_3_3 |     0.003 |
|     ram_reg_55296_55551_4_4 |     0.003 |
|     ram_reg_55296_55551_5_5 |     0.003 |
|     ram_reg_55296_55551_6_6 |     0.003 |
|     ram_reg_55296_55551_7_7 |     0.002 |
|     ram_reg_55552_55807_0_0 |     0.003 |
|     ram_reg_55552_55807_1_1 |     0.002 |
|     ram_reg_55552_55807_2_2 |     0.002 |
|     ram_reg_55552_55807_3_3 |     0.002 |
|     ram_reg_55552_55807_4_4 |     0.002 |
|     ram_reg_55552_55807_5_5 |     0.002 |
|     ram_reg_55552_55807_6_6 |     0.002 |
|     ram_reg_55552_55807_7_7 |     0.002 |
|     ram_reg_55808_56063_0_0 |     0.002 |
|     ram_reg_55808_56063_1_1 |     0.003 |
|     ram_reg_55808_56063_2_2 |     0.002 |
|     ram_reg_55808_56063_3_3 |     0.002 |
|     ram_reg_55808_56063_4_4 |     0.002 |
|     ram_reg_55808_56063_5_5 |     0.002 |
|     ram_reg_55808_56063_6_6 |     0.002 |
|     ram_reg_55808_56063_7_7 |     0.002 |
|     ram_reg_56064_56319_0_0 |     0.003 |
|     ram_reg_56064_56319_1_1 |     0.002 |
|     ram_reg_56064_56319_2_2 |     0.002 |
|     ram_reg_56064_56319_3_3 |     0.001 |
|     ram_reg_56064_56319_4_4 |     0.002 |
|     ram_reg_56064_56319_5_5 |     0.002 |
|     ram_reg_56064_56319_6_6 |     0.002 |
|     ram_reg_56064_56319_7_7 |     0.002 |
|     ram_reg_56320_56575_0_0 |     0.002 |
|     ram_reg_56320_56575_1_1 |     0.003 |
|     ram_reg_56320_56575_2_2 |     0.002 |
|     ram_reg_56320_56575_3_3 |     0.001 |
|     ram_reg_56320_56575_4_4 |     0.002 |
|     ram_reg_56320_56575_5_5 |     0.002 |
|     ram_reg_56320_56575_6_6 |     0.002 |
|     ram_reg_56320_56575_7_7 |     0.003 |
|     ram_reg_5632_5887_0_0   |     0.002 |
|     ram_reg_5632_5887_1_1   |     0.002 |
|     ram_reg_5632_5887_2_2   |     0.002 |
|     ram_reg_5632_5887_3_3   |     0.001 |
|     ram_reg_5632_5887_4_4   |     0.003 |
|     ram_reg_5632_5887_5_5   |     0.002 |
|     ram_reg_5632_5887_6_6   |     0.003 |
|     ram_reg_5632_5887_7_7   |     0.002 |
|     ram_reg_56576_56831_0_0 |     0.002 |
|     ram_reg_56576_56831_1_1 |     0.003 |
|     ram_reg_56576_56831_2_2 |     0.002 |
|     ram_reg_56576_56831_3_3 |     0.002 |
|     ram_reg_56576_56831_4_4 |     0.002 |
|     ram_reg_56576_56831_5_5 |     0.003 |
|     ram_reg_56576_56831_6_6 |     0.002 |
|     ram_reg_56576_56831_7_7 |     0.002 |
|     ram_reg_56832_57087_0_0 |     0.002 |
|     ram_reg_56832_57087_1_1 |     0.003 |
|     ram_reg_56832_57087_2_2 |     0.002 |
|     ram_reg_56832_57087_3_3 |     0.001 |
|     ram_reg_56832_57087_4_4 |     0.002 |
|     ram_reg_56832_57087_5_5 |     0.001 |
|     ram_reg_56832_57087_6_6 |     0.002 |
|     ram_reg_56832_57087_7_7 |     0.002 |
|     ram_reg_57088_57343_0_0 |     0.002 |
|     ram_reg_57088_57343_1_1 |     0.003 |
|     ram_reg_57088_57343_2_2 |     0.001 |
|     ram_reg_57088_57343_3_3 |     0.002 |
|     ram_reg_57088_57343_4_4 |     0.003 |
|     ram_reg_57088_57343_5_5 |     0.002 |
|     ram_reg_57088_57343_6_6 |     0.002 |
|     ram_reg_57088_57343_7_7 |     0.002 |
|     ram_reg_57344_57599_0_0 |     0.003 |
|     ram_reg_57344_57599_1_1 |     0.003 |
|     ram_reg_57344_57599_2_2 |     0.003 |
|     ram_reg_57344_57599_3_3 |     0.003 |
|     ram_reg_57344_57599_4_4 |     0.002 |
|     ram_reg_57344_57599_5_5 |     0.003 |
|     ram_reg_57344_57599_6_6 |     0.002 |
|     ram_reg_57344_57599_7_7 |     0.002 |
|     ram_reg_57600_57855_0_0 |     0.003 |
|     ram_reg_57600_57855_1_1 |     0.002 |
|     ram_reg_57600_57855_2_2 |     0.003 |
|     ram_reg_57600_57855_3_3 |     0.004 |
|     ram_reg_57600_57855_4_4 |     0.002 |
|     ram_reg_57600_57855_5_5 |     0.022 |
|     ram_reg_57600_57855_6_6 |     0.002 |
|     ram_reg_57600_57855_7_7 |     0.002 |
|     ram_reg_57856_58111_0_0 |     0.003 |
|     ram_reg_57856_58111_1_1 |     0.002 |
|     ram_reg_57856_58111_2_2 |     0.003 |
|     ram_reg_57856_58111_3_3 |     0.004 |
|     ram_reg_57856_58111_4_4 |     0.002 |
|     ram_reg_57856_58111_5_5 |     0.004 |
|     ram_reg_57856_58111_6_6 |     0.003 |
|     ram_reg_57856_58111_7_7 |     0.002 |
|     ram_reg_58112_58367_0_0 |     0.002 |
|     ram_reg_58112_58367_1_1 |     0.002 |
|     ram_reg_58112_58367_2_2 |     0.002 |
|     ram_reg_58112_58367_3_3 |     0.002 |
|     ram_reg_58112_58367_4_4 |     0.002 |
|     ram_reg_58112_58367_5_5 |     0.002 |
|     ram_reg_58112_58367_6_6 |     0.002 |
|     ram_reg_58112_58367_7_7 |     0.002 |
|     ram_reg_58368_58623_0_0 |     0.003 |
|     ram_reg_58368_58623_1_1 |     0.003 |
|     ram_reg_58368_58623_2_2 |     0.001 |
|     ram_reg_58368_58623_3_3 |     0.004 |
|     ram_reg_58368_58623_4_4 |     0.002 |
|     ram_reg_58368_58623_5_5 |     0.004 |
|     ram_reg_58368_58623_6_6 |     0.003 |
|     ram_reg_58368_58623_7_7 |     0.001 |
|     ram_reg_58624_58879_0_0 |     0.002 |
|     ram_reg_58624_58879_1_1 |     0.002 |
|     ram_reg_58624_58879_2_2 |     0.003 |
|     ram_reg_58624_58879_3_3 |     0.002 |
|     ram_reg_58624_58879_4_4 |     0.003 |
|     ram_reg_58624_58879_5_5 |     0.002 |
|     ram_reg_58624_58879_6_6 |     0.002 |
|     ram_reg_58624_58879_7_7 |    <0.001 |
|     ram_reg_58880_59135_0_0 |     0.002 |
|     ram_reg_58880_59135_1_1 |     0.002 |
|     ram_reg_58880_59135_2_2 |     0.002 |
|     ram_reg_58880_59135_3_3 |     0.002 |
|     ram_reg_58880_59135_4_4 |     0.002 |
|     ram_reg_58880_59135_5_5 |     0.002 |
|     ram_reg_58880_59135_6_6 |     0.002 |
|     ram_reg_58880_59135_7_7 |     0.002 |
|     ram_reg_5888_6143_0_0   |     0.002 |
|     ram_reg_5888_6143_1_1   |     0.002 |
|     ram_reg_5888_6143_2_2   |     0.002 |
|     ram_reg_5888_6143_3_3   |     0.002 |
|     ram_reg_5888_6143_4_4   |     0.003 |
|     ram_reg_5888_6143_5_5   |     0.002 |
|     ram_reg_5888_6143_6_6   |     0.002 |
|     ram_reg_5888_6143_7_7   |     0.003 |
|     ram_reg_59136_59391_0_0 |     0.002 |
|     ram_reg_59136_59391_1_1 |     0.001 |
|     ram_reg_59136_59391_2_2 |     0.002 |
|     ram_reg_59136_59391_3_3 |     0.001 |
|     ram_reg_59136_59391_4_4 |     0.002 |
|     ram_reg_59136_59391_5_5 |     0.002 |
|     ram_reg_59136_59391_6_6 |     0.001 |
|     ram_reg_59136_59391_7_7 |     0.001 |
|     ram_reg_59392_59647_0_0 |     0.003 |
|     ram_reg_59392_59647_1_1 |     0.002 |
|     ram_reg_59392_59647_2_2 |     0.002 |
|     ram_reg_59392_59647_3_3 |     0.004 |
|     ram_reg_59392_59647_4_4 |     0.002 |
|     ram_reg_59392_59647_5_5 |     0.003 |
|     ram_reg_59392_59647_6_6 |     0.002 |
|     ram_reg_59392_59647_7_7 |     0.002 |
|     ram_reg_59648_59903_0_0 |     0.003 |
|     ram_reg_59648_59903_1_1 |     0.002 |
|     ram_reg_59648_59903_2_2 |     0.002 |
|     ram_reg_59648_59903_3_3 |     0.002 |
|     ram_reg_59648_59903_4_4 |     0.002 |
|     ram_reg_59648_59903_5_5 |     0.003 |
|     ram_reg_59648_59903_6_6 |     0.001 |
|     ram_reg_59648_59903_7_7 |     0.001 |
|     ram_reg_59904_60159_0_0 |     0.002 |
|     ram_reg_59904_60159_1_1 |     0.002 |
|     ram_reg_59904_60159_2_2 |     0.001 |
|     ram_reg_59904_60159_3_3 |     0.002 |
|     ram_reg_59904_60159_4_4 |     0.002 |
|     ram_reg_59904_60159_5_5 |     0.002 |
|     ram_reg_59904_60159_6_6 |     0.002 |
|     ram_reg_59904_60159_7_7 |     0.002 |
|     ram_reg_60160_60415_0_0 |     0.003 |
|     ram_reg_60160_60415_1_1 |     0.001 |
|     ram_reg_60160_60415_2_2 |     0.003 |
|     ram_reg_60160_60415_3_3 |     0.002 |
|     ram_reg_60160_60415_4_4 |     0.003 |
|     ram_reg_60160_60415_5_5 |     0.002 |
|     ram_reg_60160_60415_6_6 |     0.001 |
|     ram_reg_60160_60415_7_7 |     0.002 |
|     ram_reg_60416_60671_0_0 |     0.003 |
|     ram_reg_60416_60671_1_1 |     0.003 |
|     ram_reg_60416_60671_2_2 |     0.003 |
|     ram_reg_60416_60671_3_3 |     0.002 |
|     ram_reg_60416_60671_4_4 |     0.002 |
|     ram_reg_60416_60671_5_5 |     0.002 |
|     ram_reg_60416_60671_6_6 |     0.002 |
|     ram_reg_60416_60671_7_7 |     0.002 |
|     ram_reg_60672_60927_0_0 |     0.003 |
|     ram_reg_60672_60927_1_1 |     0.001 |
|     ram_reg_60672_60927_2_2 |     0.003 |
|     ram_reg_60672_60927_3_3 |     0.002 |
|     ram_reg_60672_60927_4_4 |     0.001 |
|     ram_reg_60672_60927_5_5 |     0.003 |
|     ram_reg_60672_60927_6_6 |     0.002 |
|     ram_reg_60672_60927_7_7 |     0.002 |
|     ram_reg_60928_61183_0_0 |     0.003 |
|     ram_reg_60928_61183_1_1 |     0.002 |
|     ram_reg_60928_61183_2_2 |     0.003 |
|     ram_reg_60928_61183_3_3 |     0.002 |
|     ram_reg_60928_61183_4_4 |     0.002 |
|     ram_reg_60928_61183_5_5 |     0.001 |
|     ram_reg_60928_61183_6_6 |     0.002 |
|     ram_reg_60928_61183_7_7 |     0.002 |
|     ram_reg_61184_61439_0_0 |     0.003 |
|     ram_reg_61184_61439_1_1 |     0.002 |
|     ram_reg_61184_61439_2_2 |     0.001 |
|     ram_reg_61184_61439_3_3 |     0.002 |
|     ram_reg_61184_61439_4_4 |     0.002 |
|     ram_reg_61184_61439_5_5 |     0.002 |
|     ram_reg_61184_61439_6_6 |     0.002 |
|     ram_reg_61184_61439_7_7 |     0.002 |
|     ram_reg_61440_61695_0_0 |     0.003 |
|     ram_reg_61440_61695_1_1 |     0.003 |
|     ram_reg_61440_61695_2_2 |     0.002 |
|     ram_reg_61440_61695_3_3 |     0.003 |
|     ram_reg_61440_61695_4_4 |     0.003 |
|     ram_reg_61440_61695_5_5 |     0.002 |
|     ram_reg_61440_61695_6_6 |     0.002 |
|     ram_reg_61440_61695_7_7 |     0.002 |
|     ram_reg_6144_6399_0_0   |     0.002 |
|     ram_reg_6144_6399_1_1   |     0.001 |
|     ram_reg_6144_6399_2_2   |     0.002 |
|     ram_reg_6144_6399_3_3   |     0.002 |
|     ram_reg_6144_6399_4_4   |     0.002 |
|     ram_reg_6144_6399_5_5   |     0.002 |
|     ram_reg_6144_6399_6_6   |     0.002 |
|     ram_reg_6144_6399_7_7   |     0.001 |
|     ram_reg_61696_61951_0_0 |     0.002 |
|     ram_reg_61696_61951_1_1 |     0.001 |
|     ram_reg_61696_61951_2_2 |     0.002 |
|     ram_reg_61696_61951_3_3 |     0.002 |
|     ram_reg_61696_61951_4_4 |     0.001 |
|     ram_reg_61696_61951_5_5 |     0.002 |
|     ram_reg_61696_61951_6_6 |     0.001 |
|     ram_reg_61696_61951_7_7 |     0.002 |
|     ram_reg_61952_62207_0_0 |     0.002 |
|     ram_reg_61952_62207_1_1 |     0.001 |
|     ram_reg_61952_62207_2_2 |     0.002 |
|     ram_reg_61952_62207_3_3 |     0.002 |
|     ram_reg_61952_62207_4_4 |     0.002 |
|     ram_reg_61952_62207_5_5 |     0.002 |
|     ram_reg_61952_62207_6_6 |     0.002 |
|     ram_reg_61952_62207_7_7 |     0.002 |
|     ram_reg_62208_62463_0_0 |     0.002 |
|     ram_reg_62208_62463_1_1 |     0.002 |
|     ram_reg_62208_62463_2_2 |     0.002 |
|     ram_reg_62208_62463_3_3 |     0.002 |
|     ram_reg_62208_62463_4_4 |     0.002 |
|     ram_reg_62208_62463_5_5 |     0.002 |
|     ram_reg_62208_62463_6_6 |     0.001 |
|     ram_reg_62208_62463_7_7 |     0.002 |
|     ram_reg_62464_62719_0_0 |     0.002 |
|     ram_reg_62464_62719_1_1 |     0.002 |
|     ram_reg_62464_62719_2_2 |     0.002 |
|     ram_reg_62464_62719_3_3 |     0.001 |
|     ram_reg_62464_62719_4_4 |     0.002 |
|     ram_reg_62464_62719_5_5 |     0.002 |
|     ram_reg_62464_62719_6_6 |     0.002 |
|     ram_reg_62464_62719_7_7 |     0.002 |
|     ram_reg_62720_62975_0_0 |     0.001 |
|     ram_reg_62720_62975_1_1 |     0.002 |
|     ram_reg_62720_62975_2_2 |     0.002 |
|     ram_reg_62720_62975_3_3 |     0.002 |
|     ram_reg_62720_62975_4_4 |     0.001 |
|     ram_reg_62720_62975_5_5 |     0.001 |
|     ram_reg_62720_62975_6_6 |     0.002 |
|     ram_reg_62720_62975_7_7 |    <0.001 |
|     ram_reg_62976_63231_0_0 |     0.002 |
|     ram_reg_62976_63231_1_1 |     0.002 |
|     ram_reg_62976_63231_2_2 |     0.002 |
|     ram_reg_62976_63231_3_3 |     0.002 |
|     ram_reg_62976_63231_4_4 |     0.002 |
|     ram_reg_62976_63231_5_5 |     0.002 |
|     ram_reg_62976_63231_6_6 |     0.002 |
|     ram_reg_62976_63231_7_7 |     0.002 |
|     ram_reg_63232_63487_0_0 |     0.002 |
|     ram_reg_63232_63487_1_1 |     0.002 |
|     ram_reg_63232_63487_2_2 |     0.002 |
|     ram_reg_63232_63487_3_3 |     0.002 |
|     ram_reg_63232_63487_4_4 |     0.002 |
|     ram_reg_63232_63487_5_5 |     0.002 |
|     ram_reg_63232_63487_6_6 |     0.002 |
|     ram_reg_63232_63487_7_7 |     0.001 |
|     ram_reg_63488_63743_0_0 |     0.002 |
|     ram_reg_63488_63743_1_1 |     0.002 |
|     ram_reg_63488_63743_2_2 |     0.001 |
|     ram_reg_63488_63743_3_3 |     0.001 |
|     ram_reg_63488_63743_4_4 |     0.002 |
|     ram_reg_63488_63743_5_5 |     0.002 |
|     ram_reg_63488_63743_6_6 |     0.002 |
|     ram_reg_63488_63743_7_7 |     0.002 |
|     ram_reg_63744_63999_0_0 |     0.002 |
|     ram_reg_63744_63999_1_1 |     0.001 |
|     ram_reg_63744_63999_2_2 |     0.001 |
|     ram_reg_63744_63999_3_3 |     0.001 |
|     ram_reg_63744_63999_4_4 |     0.002 |
|     ram_reg_63744_63999_5_5 |     0.001 |
|     ram_reg_63744_63999_6_6 |     0.002 |
|     ram_reg_63744_63999_7_7 |     0.001 |
|     ram_reg_64000_64255_0_0 |     0.002 |
|     ram_reg_64000_64255_1_1 |     0.002 |
|     ram_reg_64000_64255_2_2 |     0.002 |
|     ram_reg_64000_64255_3_3 |     0.001 |
|     ram_reg_64000_64255_4_4 |     0.002 |
|     ram_reg_64000_64255_5_5 |     0.001 |
|     ram_reg_64000_64255_6_6 |     0.002 |
|     ram_reg_64000_64255_7_7 |     0.001 |
|     ram_reg_6400_6655_0_0   |     0.002 |
|     ram_reg_6400_6655_1_1   |     0.002 |
|     ram_reg_6400_6655_2_2   |     0.001 |
|     ram_reg_6400_6655_3_3   |     0.001 |
|     ram_reg_6400_6655_4_4   |     0.001 |
|     ram_reg_6400_6655_5_5   |     0.002 |
|     ram_reg_6400_6655_6_6   |     0.002 |
|     ram_reg_6400_6655_7_7   |     0.002 |
|     ram_reg_64256_64511_0_0 |     0.002 |
|     ram_reg_64256_64511_1_1 |     0.002 |
|     ram_reg_64256_64511_2_2 |     0.002 |
|     ram_reg_64256_64511_3_3 |     0.002 |
|     ram_reg_64256_64511_4_4 |     0.002 |
|     ram_reg_64256_64511_5_5 |     0.001 |
|     ram_reg_64256_64511_6_6 |     0.002 |
|     ram_reg_64256_64511_7_7 |     0.002 |
|     ram_reg_64512_64767_0_0 |     0.002 |
|     ram_reg_64512_64767_1_1 |     0.001 |
|     ram_reg_64512_64767_2_2 |     0.001 |
|     ram_reg_64512_64767_3_3 |     0.002 |
|     ram_reg_64512_64767_4_4 |     0.002 |
|     ram_reg_64512_64767_5_5 |     0.002 |
|     ram_reg_64512_64767_6_6 |     0.001 |
|     ram_reg_64512_64767_7_7 |     0.001 |
|     ram_reg_64768_65023_0_0 |     0.002 |
|     ram_reg_64768_65023_1_1 |     0.002 |
|     ram_reg_64768_65023_2_2 |     0.002 |
|     ram_reg_64768_65023_3_3 |     0.002 |
|     ram_reg_64768_65023_4_4 |     0.002 |
|     ram_reg_64768_65023_5_5 |     0.002 |
|     ram_reg_64768_65023_6_6 |     0.002 |
|     ram_reg_64768_65023_7_7 |     0.002 |
|     ram_reg_65024_65279_0_0 |     0.003 |
|     ram_reg_65024_65279_1_1 |     0.002 |
|     ram_reg_65024_65279_2_2 |     0.002 |
|     ram_reg_65024_65279_3_3 |     0.002 |
|     ram_reg_65024_65279_4_4 |     0.001 |
|     ram_reg_65024_65279_5_5 |     0.002 |
|     ram_reg_65024_65279_6_6 |     0.001 |
|     ram_reg_65024_65279_7_7 |     0.001 |
|     ram_reg_65280_65535_0_0 |     0.002 |
|     ram_reg_65280_65535_1_1 |     0.002 |
|     ram_reg_65280_65535_2_2 |     0.001 |
|     ram_reg_65280_65535_3_3 |     0.002 |
|     ram_reg_65280_65535_4_4 |     0.002 |
|     ram_reg_65280_65535_5_5 |     0.002 |
|     ram_reg_65280_65535_6_6 |     0.002 |
|     ram_reg_65280_65535_7_7 |     0.002 |
|     ram_reg_6656_6911_0_0   |     0.002 |
|     ram_reg_6656_6911_1_1   |     0.002 |
|     ram_reg_6656_6911_2_2   |     0.001 |
|     ram_reg_6656_6911_3_3   |     0.002 |
|     ram_reg_6656_6911_4_4   |     0.002 |
|     ram_reg_6656_6911_5_5   |     0.002 |
|     ram_reg_6656_6911_6_6   |     0.002 |
|     ram_reg_6656_6911_7_7   |     0.002 |
|     ram_reg_6912_7167_0_0   |     0.002 |
|     ram_reg_6912_7167_1_1   |     0.001 |
|     ram_reg_6912_7167_2_2   |     0.002 |
|     ram_reg_6912_7167_3_3   |     0.002 |
|     ram_reg_6912_7167_4_4   |     0.002 |
|     ram_reg_6912_7167_5_5   |     0.002 |
|     ram_reg_6912_7167_6_6   |     0.001 |
|     ram_reg_6912_7167_7_7   |     0.002 |
|     ram_reg_7168_7423_0_0   |     0.002 |
|     ram_reg_7168_7423_1_1   |     0.002 |
|     ram_reg_7168_7423_2_2   |     0.001 |
|     ram_reg_7168_7423_3_3   |     0.002 |
|     ram_reg_7168_7423_4_4   |     0.003 |
|     ram_reg_7168_7423_5_5   |     0.002 |
|     ram_reg_7168_7423_6_6   |     0.003 |
|     ram_reg_7168_7423_7_7   |     0.003 |
|     ram_reg_7424_7679_0_0   |     0.002 |
|     ram_reg_7424_7679_1_1   |     0.002 |
|     ram_reg_7424_7679_2_2   |     0.002 |
|     ram_reg_7424_7679_3_3   |     0.002 |
|     ram_reg_7424_7679_4_4   |     0.002 |
|     ram_reg_7424_7679_5_5   |     0.002 |
|     ram_reg_7424_7679_6_6   |     0.002 |
|     ram_reg_7424_7679_7_7   |     0.002 |
|     ram_reg_7680_7935_0_0   |     0.002 |
|     ram_reg_7680_7935_1_1   |     0.003 |
|     ram_reg_7680_7935_2_2   |     0.002 |
|     ram_reg_7680_7935_3_3   |     0.002 |
|     ram_reg_7680_7935_4_4   |     0.001 |
|     ram_reg_7680_7935_5_5   |     0.003 |
|     ram_reg_7680_7935_6_6   |     0.003 |
|     ram_reg_7680_7935_7_7   |     0.002 |
|     ram_reg_768_1023_0_0    |     0.003 |
|     ram_reg_768_1023_1_1    |     0.003 |
|     ram_reg_768_1023_2_2    |     0.002 |
|     ram_reg_768_1023_3_3    |     0.001 |
|     ram_reg_768_1023_4_4    |     0.002 |
|     ram_reg_768_1023_5_5    |     0.001 |
|     ram_reg_768_1023_6_6    |     0.002 |
|     ram_reg_768_1023_7_7    |     0.002 |
|     ram_reg_7936_8191_0_0   |     0.002 |
|     ram_reg_7936_8191_1_1   |     0.001 |
|     ram_reg_7936_8191_2_2   |     0.002 |
|     ram_reg_7936_8191_3_3   |     0.002 |
|     ram_reg_7936_8191_4_4   |     0.002 |
|     ram_reg_7936_8191_5_5   |     0.002 |
|     ram_reg_7936_8191_6_6   |     0.002 |
|     ram_reg_7936_8191_7_7   |     0.001 |
|     ram_reg_8192_8447_0_0   |     0.002 |
|     ram_reg_8192_8447_1_1   |     0.002 |
|     ram_reg_8192_8447_2_2   |     0.002 |
|     ram_reg_8192_8447_3_3   |     0.002 |
|     ram_reg_8192_8447_4_4   |     0.002 |
|     ram_reg_8192_8447_5_5   |     0.002 |
|     ram_reg_8192_8447_6_6   |     0.002 |
|     ram_reg_8192_8447_7_7   |     0.002 |
|     ram_reg_8448_8703_0_0   |     0.002 |
|     ram_reg_8448_8703_1_1   |     0.002 |
|     ram_reg_8448_8703_2_2   |     0.002 |
|     ram_reg_8448_8703_3_3   |     0.002 |
|     ram_reg_8448_8703_4_4   |     0.002 |
|     ram_reg_8448_8703_5_5   |     0.002 |
|     ram_reg_8448_8703_6_6   |     0.001 |
|     ram_reg_8448_8703_7_7   |     0.001 |
|     ram_reg_8704_8959_0_0   |     0.002 |
|     ram_reg_8704_8959_1_1   |     0.003 |
|     ram_reg_8704_8959_2_2   |     0.002 |
|     ram_reg_8704_8959_3_3   |     0.002 |
|     ram_reg_8704_8959_4_4   |     0.002 |
|     ram_reg_8704_8959_5_5   |     0.002 |
|     ram_reg_8704_8959_6_6   |     0.002 |
|     ram_reg_8704_8959_7_7   |     0.002 |
|     ram_reg_8960_9215_0_0   |     0.003 |
|     ram_reg_8960_9215_1_1   |     0.003 |
|     ram_reg_8960_9215_2_2   |     0.003 |
|     ram_reg_8960_9215_3_3   |     0.004 |
|     ram_reg_8960_9215_4_4   |     0.004 |
|     ram_reg_8960_9215_5_5   |     0.002 |
|     ram_reg_8960_9215_6_6   |     0.002 |
|     ram_reg_8960_9215_7_7   |     0.002 |
|     ram_reg_9216_9471_0_0   |     0.002 |
|     ram_reg_9216_9471_1_1   |     0.002 |
|     ram_reg_9216_9471_2_2   |     0.002 |
|     ram_reg_9216_9471_3_3   |     0.002 |
|     ram_reg_9216_9471_4_4   |     0.002 |
|     ram_reg_9216_9471_5_5   |     0.003 |
|     ram_reg_9216_9471_6_6   |     0.002 |
|     ram_reg_9216_9471_7_7   |     0.002 |
|     ram_reg_9472_9727_0_0   |     0.003 |
|     ram_reg_9472_9727_1_1   |     0.002 |
|     ram_reg_9472_9727_2_2   |     0.003 |
|     ram_reg_9472_9727_3_3   |     0.002 |
|     ram_reg_9472_9727_4_4   |     0.003 |
|     ram_reg_9472_9727_5_5   |     0.002 |
|     ram_reg_9472_9727_6_6   |     0.003 |
|     ram_reg_9472_9727_7_7   |     0.002 |
|     ram_reg_9728_9983_0_0   |     0.003 |
|     ram_reg_9728_9983_1_1   |     0.004 |
|     ram_reg_9728_9983_2_2   |     0.003 |
|     ram_reg_9728_9983_3_3   |     0.005 |
|     ram_reg_9728_9983_4_4   |     0.004 |
|     ram_reg_9728_9983_5_5   |     0.002 |
|     ram_reg_9728_9983_6_6   |     0.002 |
|     ram_reg_9728_9983_7_7   |     0.002 |
|     ram_reg_9984_10239_0_0  |     0.004 |
|     ram_reg_9984_10239_1_1  |     0.003 |
|     ram_reg_9984_10239_2_2  |     0.003 |
|     ram_reg_9984_10239_3_3  |     0.004 |
|     ram_reg_9984_10239_4_4  |     0.001 |
|     ram_reg_9984_10239_5_5  |     0.003 |
|     ram_reg_9984_10239_6_6  |     0.002 |
|     ram_reg_9984_10239_7_7  |     0.002 |
+-----------------------------+-----------+


